# JRE version: OpenJDK Runtime Environment Temurin-17.0.10+7 (17.0.10+7) (build 17.0.10+7)
# Java VM: OpenJDK 64-Bit Server VM Temurin-17.0.10+7 (17.0.10+7, mixed mode, tiered, compressed oops, compressed class ptrs, parallel gc, windows-amd64)
GC Precious Log:
 CPUs: 16 total, 16 available
 Memory: 15790M
 Large Page Support: Disabled
 NUMA Support: Disabled
 Compressed Oops: Enabled (32-bit)
 Alignments: Space 512K, Generation 512K, Heap 2M
 Heap Min Capacity: 100M
 Heap Initial Capacity: 100M
 Heap Max Capacity: 1G
 Pre-touch: Disabled
 Parallel Workers: 13
Heap:
 PSYoungGen      total 19968K, used 1080K [0x00000000eab00000, 0x00000000ec400000, 0x0000000100000000)
  eden space 18944K, 1% used [0x00000000eab00000,0x00000000eab4fea8,0x00000000ebd80000)
  from space 1024K, 74% used [0x00000000ec300000,0x00000000ec3be208,0x00000000ec400000)
  to   space 1024K, 0% used [0x00000000ec200000,0x00000000ec200000,0x00000000ec300000)
 ParOldGen       total 68608K, used 57248K [0x00000000c0000000, 0x00000000c4300000, 0x00000000eab00000)
  object space 68608K, 83% used [0x00000000c0000000,0x00000000c37e8288,0x00000000c4300000)
 Metaspace       used 68080K, committed 69376K, reserved 1114112K
  class space    used 7795K, committed 8384K, reserved 1048576K
GC Heap History (20 events):
Event: 59.225 GC heap before
{Heap before GC invocations=48 (full 3):
 PSYoungGen      total 19456K, used 19168K [0x00000000eab00000, 0x00000000ec480000, 0x0000000100000000)
  eden space 18944K, 100% used [0x00000000eab00000,0x00000000ebd80000,0x00000000ebd80000)
  from space 512K, 43% used [0x00000000ec400000,0x00000000ec438000,0x00000000ec480000)
  to   space 512K, 0% used [0x00000000ec380000,0x00000000ec380000,0x00000000ec400000)
 ParOldGen       total 68608K, used 54879K [0x00000000c0000000, 0x00000000c4300000, 0x00000000eab00000)
  object space 68608K, 79% used [0x00000000c0000000,0x00000000c3597e88,0x00000000c4300000)
 Metaspace       used 63903K, committed 65088K, reserved 1114112K
  class space    used 7342K, committed 7872K, reserved 1048576K
}
Event: 59.226 GC heap after
{Heap after GC invocations=48 (full 3):
 PSYoungGen      total 19456K, used 224K [0x00000000eab00000, 0x00000000ec480000, 0x0000000100000000)
  eden space 18944K, 0% used [0x00000000eab00000,0x00000000eab00000,0x00000000ebd80000)
  from space 512K, 43% used [0x00000000ec380000,0x00000000ec3b8000,0x00000000ec400000)
  to   space 512K, 0% used [0x00000000ec400000,0x00000000ec400000,0x00000000ec480000)
 ParOldGen       total 68608K, used 54943K [0x00000000c0000000, 0x00000000c4300000, 0x00000000eab00000)
  object space 68608K, 80% used [0x00000000c0000000,0x00000000c35a7e88,0x00000000c4300000)
 Metaspace       used 63903K, committed 65088K, reserved 1114112K
  class space    used 7342K, committed 7872K, reserved 1048576K
}
Event: 59.319 GC heap before
{Heap before GC invocations=49 (full 3):
 PSYoungGen      total 19456K, used 19168K [0x00000000eab00000, 0x00000000ec480000, 0x0000000100000000)
  eden space 18944K, 100% used [0x00000000eab00000,0x00000000ebd80000,0x00000000ebd80000)
  from space 512K, 43% used [0x00000000ec380000,0x00000000ec3b8000,0x00000000ec400000)
  to   space 512K, 0% used [0x00000000ec400000,0x00000000ec400000,0x00000000ec480000)
 ParOldGen       total 68608K, used 54943K [0x00000000c0000000, 0x00000000c4300000, 0x00000000eab00000)
  object space 68608K, 80% used [0x00000000c0000000,0x00000000c35a7e88,0x00000000c4300000)
 Metaspace       used 63908K, committed 65088K, reserved 1114112K
  class space    used 7342K, committed 7872K, reserved 1048576K
}
Event: 59.319 GC heap after
{Heap after GC invocations=49 (full 3):
 PSYoungGen      total 19456K, used 352K [0x00000000eab00000, 0x00000000ec480000, 0x0000000100000000)
  eden space 18944K, 0% used [0x00000000eab00000,0x00000000eab00000,0x00000000ebd80000)
  from space 512K, 68% used [0x00000000ec400000,0x00000000ec458000,0x00000000ec480000)
  to   space 512K, 0% used [0x00000000ec380000,0x00000000ec380000,0x00000000ec400000)
 ParOldGen       total 68608K, used 54943K [0x00000000c0000000, 0x00000000c4300000, 0x00000000eab00000)
  object space 68608K, 80% used [0x00000000c0000000,0x00000000c35a7e88,0x00000000c4300000)
 Metaspace       used 63908K, committed 65088K, reserved 1114112K
  class space    used 7342K, committed 7872K, reserved 1048576K
}
Event: 59.771 GC heap before
{Heap before GC invocations=50 (full 3):
 PSYoungGen      total 19456K, used 19296K [0x00000000eab00000, 0x00000000ec480000, 0x0000000100000000)
  eden space 18944K, 100% used [0x00000000eab00000,0x00000000ebd80000,0x00000000ebd80000)
  from space 512K, 68% used [0x00000000ec400000,0x00000000ec458000,0x00000000ec480000)
  to   space 512K, 0% used [0x00000000ec380000,0x00000000ec380000,0x00000000ec400000)
 ParOldGen       total 68608K, used 54943K [0x00000000c0000000, 0x00000000c4300000, 0x00000000eab00000)
  object space 68608K, 80% used [0x00000000c0000000,0x00000000c35a7e88,0x00000000c4300000)
 Metaspace       used 63911K, committed 65088K, reserved 1114112K
  class space    used 7342K, committed 7872K, reserved 1048576K
}
Event: 59.771 GC heap after
{Heap after GC invocations=50 (full 3):
 PSYoungGen      total 19456K, used 160K [0x00000000eab00000, 0x00000000ec480000, 0x0000000100000000)
  eden space 18944K, 0% used [0x00000000eab00000,0x00000000eab00000,0x00000000ebd80000)
  from space 512K, 31% used [0x00000000ec380000,0x00000000ec3a8000,0x00000000ec400000)
  to   space 512K, 0% used [0x00000000ec400000,0x00000000ec400000,0x00000000ec480000)
 ParOldGen       total 68608K, used 54991K [0x00000000c0000000, 0x00000000c4300000, 0x00000000eab00000)
  object space 68608K, 80% used [0x00000000c0000000,0x00000000c35b3e88,0x00000000c4300000)
 Metaspace       used 63911K, committed 65088K, reserved 1114112K
  class space    used 7342K, committed 7872K, reserved 1048576K
}
Event: 60.150 GC heap before
{Heap before GC invocations=51 (full 3):
 PSYoungGen      total 19456K, used 19104K [0x00000000eab00000, 0x00000000ec480000, 0x0000000100000000)
  eden space 18944K, 100% used [0x00000000eab00000,0x00000000ebd80000,0x00000000ebd80000)
  from space 512K, 31% used [0x00000000ec380000,0x00000000ec3a8000,0x00000000ec400000)
  to   space 512K, 0% used [0x00000000ec400000,0x00000000ec400000,0x00000000ec480000)
 ParOldGen       total 68608K, used 54991K [0x00000000c0000000, 0x00000000c4300000, 0x00000000eab00000)
  object space 68608K, 80% used [0x00000000c0000000,0x00000000c35b3e88,0x00000000c4300000)
 Metaspace       used 63913K, committed 65088K, reserved 1114112K
  class space    used 7342K, committed 7872K, reserved 1048576K
}
Event: 60.150 GC heap after
{Heap after GC invocations=51 (full 3):
 PSYoungGen      total 19456K, used 320K [0x00000000eab00000, 0x00000000ec480000, 0x0000000100000000)
  eden space 18944K, 0% used [0x00000000eab00000,0x00000000eab00000,0x00000000ebd80000)
  from space 512K, 62% used [0x00000000ec400000,0x00000000ec450000,0x00000000ec480000)
  to   space 512K, 0% used [0x00000000ec380000,0x00000000ec380000,0x00000000ec400000)
 ParOldGen       total 68608K, used 54991K [0x00000000c0000000, 0x00000000c4300000, 0x00000000eab00000)
  object space 68608K, 80% used [0x00000000c0000000,0x00000000c35b3e88,0x00000000c4300000)
 Metaspace       used 63913K, committed 65088K, reserved 1114112K
  class space    used 7342K, committed 7872K, reserved 1048576K
}
Event: 60.983 GC heap before
{Heap before GC invocations=52 (full 3):
 PSYoungGen      total 19456K, used 19264K [0x00000000eab00000, 0x00000000ec480000, 0x0000000100000000)
  eden space 18944K, 100% used [0x00000000eab00000,0x00000000ebd80000,0x00000000ebd80000)
  from space 512K, 62% used [0x00000000ec400000,0x00000000ec450000,0x00000000ec480000)
  to   space 512K, 0% used [0x00000000ec380000,0x00000000ec380000,0x00000000ec400000)
 ParOldGen       total 68608K, used 54991K [0x00000000c0000000, 0x00000000c4300000, 0x00000000eab00000)
  object space 68608K, 80% used [0x00000000c0000000,0x00000000c35b3e88,0x00000000c4300000)
 Metaspace       used 63979K, committed 65152K, reserved 1114112K
  class space    used 7351K, committed 7872K, reserved 1048576K
}
Event: 60.983 GC heap after
{Heap after GC invocations=52 (full 3):
 PSYoungGen      total 19456K, used 352K [0x00000000eab00000, 0x00000000ec480000, 0x0000000100000000)
  eden space 18944K, 0% used [0x00000000eab00000,0x00000000eab00000,0x00000000ebd80000)
  from space 512K, 68% used [0x00000000ec380000,0x00000000ec3d8000,0x00000000ec400000)
  to   space 512K, 0% used [0x00000000ec400000,0x00000000ec400000,0x00000000ec480000)
 ParOldGen       total 68608K, used 54991K [0x00000000c0000000, 0x00000000c4300000, 0x00000000eab00000)
  object space 68608K, 80% used [0x00000000c0000000,0x00000000c35b3e88,0x00000000c4300000)
 Metaspace       used 63979K, committed 65152K, reserved 1114112K
  class space    used 7351K, committed 7872K, reserved 1048576K
}
Event: 61.123 GC heap before
{Heap before GC invocations=53 (full 3):
 PSYoungGen      total 19456K, used 19296K [0x00000000eab00000, 0x00000000ec480000, 0x0000000100000000)
  eden space 18944K, 100% used [0x00000000eab00000,0x00000000ebd80000,0x00000000ebd80000)
  from space 512K, 68% used [0x00000000ec380000,0x00000000ec3d8000,0x00000000ec400000)
  to   space 512K, 0% used [0x00000000ec400000,0x00000000ec400000,0x00000000ec480000)
 ParOldGen       total 68608K, used 54991K [0x00000000c0000000, 0x00000000c4300000, 0x00000000eab00000)
  object space 68608K, 80% used [0x00000000c0000000,0x00000000c35b3e88,0x00000000c4300000)
 Metaspace       used 63981K, committed 65152K, reserved 1114112K
  class space    used 7352K, committed 7872K, reserved 1048576K
}
Event: 61.123 GC heap after
{Heap after GC invocations=53 (full 3):
 PSYoungGen      total 19456K, used 384K [0x00000000eab00000, 0x00000000ec480000, 0x0000000100000000)
  eden space 18944K, 0% used [0x00000000eab00000,0x00000000eab00000,0x00000000ebd80000)
  from space 512K, 75% used [0x00000000ec400000,0x00000000ec460000,0x00000000ec480000)
  to   space 512K, 0% used [0x00000000ec380000,0x00000000ec380000,0x00000000ec400000)
 ParOldGen       total 68608K, used 55087K [0x00000000c0000000, 0x00000000c4300000, 0x00000000eab00000)
  object space 68608K, 80% used [0x00000000c0000000,0x00000000c35cbe88,0x00000000c4300000)
 Metaspace       used 63981K, committed 65152K, reserved 1114112K
  class space    used 7352K, committed 7872K, reserved 1048576K
}
Event: 61.266 GC heap before
{Heap before GC invocations=54 (full 3):
 PSYoungGen      total 19456K, used 19328K [0x00000000eab00000, 0x00000000ec480000, 0x0000000100000000)
  eden space 18944K, 100% used [0x00000000eab00000,0x00000000ebd80000,0x00000000ebd80000)
  from space 512K, 75% used [0x00000000ec400000,0x00000000ec460000,0x00000000ec480000)
  to   space 512K, 0% used [0x00000000ec380000,0x00000000ec380000,0x00000000ec400000)
 ParOldGen       total 68608K, used 55087K [0x00000000c0000000, 0x00000000c4300000, 0x00000000eab00000)
  object space 68608K, 80% used [0x00000000c0000000,0x00000000c35cbe88,0x00000000c4300000)
 Metaspace       used 63981K, committed 65152K, reserved 1114112K
  class space    used 7352K, committed 7872K, reserved 1048576K
}
Event: 61.266 GC heap after
{Heap after GC invocations=54 (full 3):
 PSYoungGen      total 19456K, used 128K [0x00000000eab00000, 0x00000000ec480000, 0x0000000100000000)
  eden space 18944K, 0% used [0x00000000eab00000,0x00000000eab00000,0x00000000ebd80000)
  from space 512K, 25% used [0x00000000ec380000,0x00000000ec3a0000,0x00000000ec400000)
  to   space 512K, 0% used [0x00000000ec400000,0x00000000ec400000,0x00000000ec480000)
 ParOldGen       total 68608K, used 55175K [0x00000000c0000000, 0x00000000c4300000, 0x00000000eab00000)
  object space 68608K, 80% used [0x00000000c0000000,0x00000000c35e1e88,0x00000000c4300000)
 Metaspace       used 63981K, committed 65152K, reserved 1114112K
  class space    used 7352K, committed 7872K, reserved 1048576K
}
Event: 61.484 GC heap before
{Heap before GC invocations=55 (full 3):
 PSYoungGen      total 19456K, used 19072K [0x00000000eab00000, 0x00000000ec480000, 0x0000000100000000)
  eden space 18944K, 100% used [0x00000000eab00000,0x00000000ebd80000,0x00000000ebd80000)
  from space 512K, 25% used [0x00000000ec380000,0x00000000ec3a0000,0x00000000ec400000)
  to   space 512K, 0% used [0x00000000ec400000,0x00000000ec400000,0x00000000ec480000)
 ParOldGen       total 68608K, used 55175K [0x00000000c0000000, 0x00000000c4300000, 0x00000000eab00000)
  object space 68608K, 80% used [0x00000000c0000000,0x00000000c35e1e88,0x00000000c4300000)
 Metaspace       used 65262K, committed 66496K, reserved 1114112K
  class space    used 7492K, committed 8064K, reserved 1048576K
}
Event: 61.488 GC heap after
{Heap after GC invocations=55 (full 3):
 PSYoungGen      total 19456K, used 497K [0x00000000eab00000, 0x00000000ec480000, 0x0000000100000000)
  eden space 18944K, 0% used [0x00000000eab00000,0x00000000eab00000,0x00000000ebd80000)
  from space 512K, 97% used [0x00000000ec400000,0x00000000ec47c438,0x00000000ec480000)
  to   space 2048K, 0% used [0x00000000ec080000,0x00000000ec080000,0x00000000ec280000)
 ParOldGen       total 68608K, used 56268K [0x00000000c0000000, 0x00000000c4300000, 0x00000000eab00000)
  object space 68608K, 82% used [0x00000000c0000000,0x00000000c36f33b8,0x00000000c4300000)
 Metaspace       used 65262K, committed 66496K, reserved 1114112K
  class space    used 7492K, committed 8064K, reserved 1048576K
}
Event: 61.627 GC heap before
{Heap before GC invocations=56 (full 3):
 PSYoungGen      total 19456K, used 19441K [0x00000000eab00000, 0x00000000ec480000, 0x0000000100000000)
  eden space 18944K, 100% used [0x00000000eab00000,0x00000000ebd80000,0x00000000ebd80000)
  from space 512K, 97% used [0x00000000ec400000,0x00000000ec47c438,0x00000000ec480000)
  to   space 2048K, 0% used [0x00000000ec080000,0x00000000ec080000,0x00000000ec280000)
 ParOldGen       total 68608K, used 56268K [0x00000000c0000000, 0x00000000c4300000, 0x00000000eab00000)
  object space 68608K, 82% used [0x00000000c0000000,0x00000000c36f33b8,0x00000000c4300000)
 Metaspace       used 65904K, committed 67136K, reserved 1114112K
  class space    used 7543K, committed 8128K, reserved 1048576K
}
Event: 61.628 GC heap after
{Heap after GC invocations=56 (full 3):
 PSYoungGen      total 20992K, used 800K [0x00000000eab00000, 0x00000000ec480000, 0x0000000100000000)
  eden space 18944K, 0% used [0x00000000eab00000,0x00000000eab00000,0x00000000ebd80000)
  from space 2048K, 39% used [0x00000000ec080000,0x00000000ec148000,0x00000000ec280000)
  to   space 1536K, 0% used [0x00000000ec300000,0x00000000ec300000,0x00000000ec480000)
 ParOldGen       total 68608K, used 56719K [0x00000000c0000000, 0x00000000c4300000, 0x00000000eab00000)
  object space 68608K, 82% used [0x00000000c0000000,0x00000000c3763f08,0x00000000c4300000)
 Metaspace       used 65904K, committed 67136K, reserved 1114112K
  class space    used 7543K, committed 8128K, reserved 1048576K
}
Event: 306.314 GC heap before
{Heap before GC invocations=57 (full 3):
 PSYoungGen      total 20992K, used 19744K [0x00000000eab00000, 0x00000000ec480000, 0x0000000100000000)
  eden space 18944K, 100% used [0x00000000eab00000,0x00000000ebd80000,0x00000000ebd80000)
  from space 2048K, 39% used [0x00000000ec080000,0x00000000ec148000,0x00000000ec280000)
  to   space 1536K, 0% used [0x00000000ec300000,0x00000000ec300000,0x00000000ec480000)
 ParOldGen       total 68608K, used 56719K [0x00000000c0000000, 0x00000000c4300000, 0x00000000eab00000)
  object space 68608K, 82% used [0x00000000c0000000,0x00000000c3763f08,0x00000000c4300000)
 Metaspace       used 68071K, committed 69312K, reserved 1114112K
  class space    used 7794K, committed 8384K, reserved 1048576K
}
Event: 306.316 GC heap after
{Heap after GC invocations=57 (full 3):
 PSYoungGen      total 19968K, used 760K [0x00000000eab00000, 0x00000000ec400000, 0x0000000100000000)
  eden space 18944K, 0% used [0x00000000eab00000,0x00000000eab00000,0x00000000ebd80000)
  from space 1024K, 74% used [0x00000000ec300000,0x00000000ec3be208,0x00000000ec400000)
  to   space 1024K, 0% used [0x00000000ec200000,0x00000000ec200000,0x00000000ec300000)
 ParOldGen       total 68608K, used 57248K [0x00000000c0000000, 0x00000000c4300000, 0x00000000eab00000)
  object space 68608K, 83% used [0x00000000c0000000,0x00000000c37e8288,0x00000000c4300000)
 Metaspace       used 68071K, committed 69312K, reserved 1114112K
  class space    used 7794K, committed 8384K, reserved 1048576K
}

