# JRE version: OpenJDK Runtime Environment Temurin-17.0.10+7 (17.0.10+7) (build 17.0.10+7)
# Java VM: OpenJDK 64-Bit Server VM Temurin-17.0.10+7 (17.0.10+7, mixed mode, tiered, compressed oops, compressed class ptrs, parallel gc, windows-amd64)
GC Precious Log:
 CPUs: 16 total, 16 available
 Memory: 15790M
 Large Page Support: Disabled
 NUMA Support: Disabled
 Compressed Oops: Enabled (32-bit)
 Alignments: Space 512K, Generation 512K, Heap 2M
 Heap Min Capacity: 100M
 Heap Initial Capacity: 100M
 Heap Max Capacity: 1G
 Pre-touch: Disabled
 Parallel Workers: 13
Heap:
 PSYoungGen      total 24064K, used 11766K [0x00000000eab00000, 0x00000000ec500000, 0x0000000100000000)
  eden space 21504K, 44% used [0x00000000eab00000,0x00000000eb4724b0,0x00000000ec000000)
  from space 2560K, 81% used [0x00000000ec280000,0x00000000ec48b520,0x00000000ec500000)
  to   space 2560K, 0% used [0x00000000ec000000,0x00000000ec000000,0x00000000ec280000)
 ParOldGen       total 68608K, used 27063K [0x00000000c0000000, 0x00000000c4300000, 0x00000000eab00000)
  object space 68608K, 39% used [0x00000000c0000000,0x00000000c1a6df90,0x00000000c4300000)
 Metaspace       used 50075K, committed 51008K, reserved 1114112K
  class space    used 5219K, committed 5632K, reserved 1048576K
GC Heap History (20 events):
Event: 5.805 GC heap before
{Heap before GC invocations=13 (full 2):
 PSYoungGen      total 24064K, used 1011K [0x00000000eab00000, 0x00000000ec780000, 0x0000000100000000)
  eden space 23040K, 0% used [0x00000000eab00000,0x00000000eab00000,0x00000000ec180000)
  from space 1024K, 98% used [0x00000000ec300000,0x00000000ec3fcc40,0x00000000ec400000)
  to   space 2048K, 0% used [0x00000000ec580000,0x00000000ec580000,0x00000000ec780000)
 ParOldGen       total 68608K, used 17707K [0x00000000c0000000, 0x00000000c4300000, 0x00000000eab00000)
  object space 68608K, 25% used [0x00000000c0000000,0x00000000c114afa0,0x00000000c4300000)
 Metaspace       used 35149K, committed 35840K, reserved 1114112K
  class space    used 3369K, committed 3712K, reserved 1048576K
}
Event: 5.846 GC heap after
{Heap after GC invocations=13 (full 2):
 PSYoungGen      total 24064K, used 0K [0x00000000eab00000, 0x00000000ec780000, 0x0000000100000000)
  eden space 23040K, 0% used [0x00000000eab00000,0x00000000eab00000,0x00000000ec180000)
  from space 1024K, 0% used [0x00000000ec300000,0x00000000ec300000,0x00000000ec400000)
  to   space 2048K, 0% used [0x00000000ec580000,0x00000000ec580000,0x00000000ec780000)
 ParOldGen       total 68608K, used 16880K [0x00000000c0000000, 0x00000000c4300000, 0x00000000eab00000)
  object space 68608K, 24% used [0x00000000c0000000,0x00000000c107c080,0x00000000c4300000)
 Metaspace       used 35136K, committed 35840K, reserved 1114112K
  class space    used 3365K, committed 3712K, reserved 1048576K
}
Event: 6.314 GC heap before
{Heap before GC invocations=14 (full 2):
 PSYoungGen      total 24064K, used 23040K [0x00000000eab00000, 0x00000000ec780000, 0x0000000100000000)
  eden space 23040K, 100% used [0x00000000eab00000,0x00000000ec180000,0x00000000ec180000)
  from space 1024K, 0% used [0x00000000ec300000,0x00000000ec300000,0x00000000ec400000)
  to   space 2048K, 0% used [0x00000000ec580000,0x00000000ec580000,0x00000000ec780000)
 ParOldGen       total 68608K, used 16880K [0x00000000c0000000, 0x00000000c4300000, 0x00000000eab00000)
  object space 68608K, 24% used [0x00000000c0000000,0x00000000c107c080,0x00000000c4300000)
 Metaspace       used 37930K, committed 38848K, reserved 1114112K
  class space    used 3722K, committed 4096K, reserved 1048576K
}
Event: 6.316 GC heap after
{Heap after GC invocations=14 (full 2):
 PSYoungGen      total 24064K, used 1091K [0x00000000eab00000, 0x00000000ec700000, 0x0000000100000000)
  eden space 22528K, 0% used [0x00000000eab00000,0x00000000eab00000,0x00000000ec100000)
  from space 1536K, 71% used [0x00000000ec580000,0x00000000ec690ec8,0x00000000ec700000)
  to   space 1536K, 0% used [0x00000000ec400000,0x00000000ec400000,0x00000000ec580000)
 ParOldGen       total 68608K, used 16888K [0x00000000c0000000, 0x00000000c4300000, 0x00000000eab00000)
  object space 68608K, 24% used [0x00000000c0000000,0x00000000c107e080,0x00000000c4300000)
 Metaspace       used 37930K, committed 38848K, reserved 1114112K
  class space    used 3722K, committed 4096K, reserved 1048576K
}
Event: 6.545 GC heap before
{Heap before GC invocations=15 (full 2):
 PSYoungGen      total 24064K, used 23619K [0x00000000eab00000, 0x00000000ec700000, 0x0000000100000000)
  eden space 22528K, 100% used [0x00000000eab00000,0x00000000ec100000,0x00000000ec100000)
  from space 1536K, 71% used [0x00000000ec580000,0x00000000ec690ec8,0x00000000ec700000)
  to   space 1536K, 0% used [0x00000000ec400000,0x00000000ec400000,0x00000000ec580000)
 ParOldGen       total 68608K, used 16888K [0x00000000c0000000, 0x00000000c4300000, 0x00000000eab00000)
  object space 68608K, 24% used [0x00000000c0000000,0x00000000c107e080,0x00000000c4300000)
 Metaspace       used 40337K, committed 41280K, reserved 1114112K
  class space    used 4019K, committed 4416K, reserved 1048576K
}
Event: 6.548 GC heap after
{Heap after GC invocations=15 (full 2):
 PSYoungGen      total 23552K, used 1199K [0x00000000eab00000, 0x00000000ec600000, 0x0000000100000000)
  eden space 22016K, 0% used [0x00000000eab00000,0x00000000eab00000,0x00000000ec080000)
  from space 1536K, 78% used [0x00000000ec400000,0x00000000ec52bd80,0x00000000ec580000)
  to   space 512K, 0% used [0x00000000ec580000,0x00000000ec580000,0x00000000ec600000)
 ParOldGen       total 68608K, used 17747K [0x00000000c0000000, 0x00000000c4300000, 0x00000000eab00000)
  object space 68608K, 25% used [0x00000000c0000000,0x00000000c1154f90,0x00000000c4300000)
 Metaspace       used 40337K, committed 41280K, reserved 1114112K
  class space    used 4019K, committed 4416K, reserved 1048576K
}
Event: 6.766 GC heap before
{Heap before GC invocations=16 (full 2):
 PSYoungGen      total 23552K, used 23215K [0x00000000eab00000, 0x00000000ec600000, 0x0000000100000000)
  eden space 22016K, 100% used [0x00000000eab00000,0x00000000ec080000,0x00000000ec080000)
  from space 1536K, 78% used [0x00000000ec400000,0x00000000ec52bd80,0x00000000ec580000)
  to   space 512K, 0% used [0x00000000ec580000,0x00000000ec580000,0x00000000ec600000)
 ParOldGen       total 68608K, used 17747K [0x00000000c0000000, 0x00000000c4300000, 0x00000000eab00000)
  object space 68608K, 25% used [0x00000000c0000000,0x00000000c1154f90,0x00000000c4300000)
 Metaspace       used 42325K, committed 43200K, reserved 1114112K
  class space    used 4301K, committed 4672K, reserved 1048576K
}
Event: 6.769 GC heap after
{Heap after GC invocations=16 (full 2):
 PSYoungGen      total 22528K, used 492K [0x00000000eab00000, 0x00000000ec600000, 0x0000000100000000)
  eden space 22016K, 0% used [0x00000000eab00000,0x00000000eab00000,0x00000000ec080000)
  from space 512K, 96% used [0x00000000ec580000,0x00000000ec5fb260,0x00000000ec600000)
  to   space 2048K, 0% used [0x00000000ec200000,0x00000000ec200000,0x00000000ec400000)
 ParOldGen       total 68608K, used 19076K [0x00000000c0000000, 0x00000000c4300000, 0x00000000eab00000)
  object space 68608K, 27% used [0x00000000c0000000,0x00000000c12a1198,0x00000000c4300000)
 Metaspace       used 42325K, committed 43200K, reserved 1114112K
  class space    used 4301K, committed 4672K, reserved 1048576K
}
Event: 6.959 GC heap before
{Heap before GC invocations=17 (full 2):
 PSYoungGen      total 22528K, used 22508K [0x00000000eab00000, 0x00000000ec600000, 0x0000000100000000)
  eden space 22016K, 100% used [0x00000000eab00000,0x00000000ec080000,0x00000000ec080000)
  from space 512K, 96% used [0x00000000ec580000,0x00000000ec5fb260,0x00000000ec600000)
  to   space 2048K, 0% used [0x00000000ec200000,0x00000000ec200000,0x00000000ec400000)
 ParOldGen       total 68608K, used 19076K [0x00000000c0000000, 0x00000000c4300000, 0x00000000eab00000)
  object space 68608K, 27% used [0x00000000c0000000,0x00000000c12a1198,0x00000000c4300000)
 Metaspace       used 44050K, committed 44992K, reserved 1114112K
  class space    used 4508K, committed 4928K, reserved 1048576K
}
Event: 6.961 GC heap after
{Heap after GC invocations=17 (full 2):
 PSYoungGen      total 24064K, used 1702K [0x00000000eab00000, 0x00000000ec600000, 0x0000000100000000)
  eden space 22016K, 0% used [0x00000000eab00000,0x00000000eab00000,0x00000000ec080000)
  from space 2048K, 83% used [0x00000000ec200000,0x00000000ec3a9880,0x00000000ec400000)
  to   space 2048K, 0% used [0x00000000ec400000,0x00000000ec400000,0x00000000ec600000)
 ParOldGen       total 68608K, used 19501K [0x00000000c0000000, 0x00000000c4300000, 0x00000000eab00000)
  object space 68608K, 28% used [0x00000000c0000000,0x00000000c130b638,0x00000000c4300000)
 Metaspace       used 44050K, committed 44992K, reserved 1114112K
  class space    used 4508K, committed 4928K, reserved 1048576K
}
Event: 7.111 GC heap before
{Heap before GC invocations=18 (full 2):
 PSYoungGen      total 24064K, used 23718K [0x00000000eab00000, 0x00000000ec600000, 0x0000000100000000)
  eden space 22016K, 100% used [0x00000000eab00000,0x00000000ec080000,0x00000000ec080000)
  from space 2048K, 83% used [0x00000000ec200000,0x00000000ec3a9880,0x00000000ec400000)
  to   space 2048K, 0% used [0x00000000ec400000,0x00000000ec400000,0x00000000ec600000)
 ParOldGen       total 68608K, used 19501K [0x00000000c0000000, 0x00000000c4300000, 0x00000000eab00000)
  object space 68608K, 28% used [0x00000000c0000000,0x00000000c130b638,0x00000000c4300000)
 Metaspace       used 45170K, committed 46208K, reserved 1114112K
  class space    used 4646K, committed 5120K, reserved 1048576K
}
Event: 7.113 GC heap after
{Heap after GC invocations=18 (full 2):
 PSYoungGen      total 24064K, used 1856K [0x00000000eab00000, 0x00000000ec600000, 0x0000000100000000)
  eden space 22016K, 0% used [0x00000000eab00000,0x00000000eab00000,0x00000000ec080000)
  from space 2048K, 90% used [0x00000000ec400000,0x00000000ec5d0000,0x00000000ec600000)
  to   space 2048K, 0% used [0x00000000ec200000,0x00000000ec200000,0x00000000ec400000)
 ParOldGen       total 68608K, used 20677K [0x00000000c0000000, 0x00000000c4300000, 0x00000000eab00000)
  object space 68608K, 30% used [0x00000000c0000000,0x00000000c14315f8,0x00000000c4300000)
 Metaspace       used 45170K, committed 46208K, reserved 1114112K
  class space    used 4646K, committed 5120K, reserved 1048576K
}
Event: 7.301 GC heap before
{Heap before GC invocations=19 (full 2):
 PSYoungGen      total 24064K, used 23872K [0x00000000eab00000, 0x00000000ec600000, 0x0000000100000000)
  eden space 22016K, 100% used [0x00000000eab00000,0x00000000ec080000,0x00000000ec080000)
  from space 2048K, 90% used [0x00000000ec400000,0x00000000ec5d0000,0x00000000ec600000)
  to   space 2048K, 0% used [0x00000000ec200000,0x00000000ec200000,0x00000000ec400000)
 ParOldGen       total 68608K, used 20677K [0x00000000c0000000, 0x00000000c4300000, 0x00000000eab00000)
  object space 68608K, 30% used [0x00000000c0000000,0x00000000c14315f8,0x00000000c4300000)
 Metaspace       used 46812K, committed 47808K, reserved 1114112K
  class space    used 4816K, committed 5248K, reserved 1048576K
}
Event: 7.304 GC heap after
{Heap after GC invocations=19 (full 2):
 PSYoungGen      total 23552K, used 1184K [0x00000000eab00000, 0x00000000ec480000, 0x0000000100000000)
  eden space 22016K, 0% used [0x00000000eab00000,0x00000000eab00000,0x00000000ec080000)
  from space 1536K, 77% used [0x00000000ec200000,0x00000000ec328040,0x00000000ec380000)
  to   space 1024K, 0% used [0x00000000ec380000,0x00000000ec380000,0x00000000ec480000)
 ParOldGen       total 68608K, used 22341K [0x00000000c0000000, 0x00000000c4300000, 0x00000000eab00000)
  object space 68608K, 32% used [0x00000000c0000000,0x00000000c15d1608,0x00000000c4300000)
 Metaspace       used 46812K, committed 47808K, reserved 1114112K
  class space    used 4816K, committed 5248K, reserved 1048576K
}
Event: 7.434 GC heap before
{Heap before GC invocations=20 (full 2):
 PSYoungGen      total 23552K, used 23200K [0x00000000eab00000, 0x00000000ec480000, 0x0000000100000000)
  eden space 22016K, 100% used [0x00000000eab00000,0x00000000ec080000,0x00000000ec080000)
  from space 1536K, 77% used [0x00000000ec200000,0x00000000ec328040,0x00000000ec380000)
  to   space 1024K, 0% used [0x00000000ec380000,0x00000000ec380000,0x00000000ec480000)
 ParOldGen       total 68608K, used 22341K [0x00000000c0000000, 0x00000000c4300000, 0x00000000eab00000)
  object space 68608K, 32% used [0x00000000c0000000,0x00000000c15d1608,0x00000000c4300000)
 Metaspace       used 47597K, committed 48576K, reserved 1114112K
  class space    used 4917K, committed 5376K, reserved 1048576K
}
Event: 7.436 GC heap after
{Heap after GC invocations=20 (full 2):
 PSYoungGen      total 22528K, used 1024K [0x00000000eab00000, 0x00000000ec780000, 0x0000000100000000)
  eden space 21504K, 0% used [0x00000000eab00000,0x00000000eab00000,0x00000000ec000000)
  from space 1024K, 100% used [0x00000000ec380000,0x00000000ec480000,0x00000000ec480000)
  to   space 3584K, 0% used [0x00000000ec000000,0x00000000ec000000,0x00000000ec380000)
 ParOldGen       total 68608K, used 24163K [0x00000000c0000000, 0x00000000c4300000, 0x00000000eab00000)
  object space 68608K, 35% used [0x00000000c0000000,0x00000000c1798c38,0x00000000c4300000)
 Metaspace       used 47597K, committed 48576K, reserved 1114112K
  class space    used 4917K, committed 5376K, reserved 1048576K
}
Event: 7.566 GC heap before
{Heap before GC invocations=21 (full 2):
 PSYoungGen      total 22528K, used 22528K [0x00000000eab00000, 0x00000000ec780000, 0x0000000100000000)
  eden space 21504K, 100% used [0x00000000eab00000,0x00000000ec000000,0x00000000ec000000)
  from space 1024K, 100% used [0x00000000ec380000,0x00000000ec480000,0x00000000ec480000)
  to   space 3584K, 0% used [0x00000000ec000000,0x00000000ec000000,0x00000000ec380000)
 ParOldGen       total 68608K, used 24163K [0x00000000c0000000, 0x00000000c4300000, 0x00000000eab00000)
  object space 68608K, 35% used [0x00000000c0000000,0x00000000c1798c38,0x00000000c4300000)
 Metaspace       used 47977K, committed 48960K, reserved 1114112K
  class space    used 4968K, committed 5440K, reserved 1048576K
}
Event: 7.569 GC heap after
{Heap after GC invocations=21 (full 2):
 PSYoungGen      total 23552K, used 1984K [0x00000000eab00000, 0x00000000ec500000, 0x0000000100000000)
  eden space 21504K, 0% used [0x00000000eab00000,0x00000000eab00000,0x00000000ec000000)
  from space 2048K, 96% used [0x00000000ec000000,0x00000000ec1f0000,0x00000000ec200000)
  to   space 2560K, 0% used [0x00000000ec280000,0x00000000ec280000,0x00000000ec500000)
 ParOldGen       total 68608K, used 25239K [0x00000000c0000000, 0x00000000c4300000, 0x00000000eab00000)
  object space 68608K, 36% used [0x00000000c0000000,0x00000000c18a5f90,0x00000000c4300000)
 Metaspace       used 47977K, committed 48960K, reserved 1114112K
  class space    used 4968K, committed 5440K, reserved 1048576K
}
Event: 7.880 GC heap before
{Heap before GC invocations=22 (full 2):
 PSYoungGen      total 23552K, used 23488K [0x00000000eab00000, 0x00000000ec500000, 0x0000000100000000)
  eden space 21504K, 100% used [0x00000000eab00000,0x00000000ec000000,0x00000000ec000000)
  from space 2048K, 96% used [0x00000000ec000000,0x00000000ec1f0000,0x00000000ec200000)
  to   space 2560K, 0% used [0x00000000ec280000,0x00000000ec280000,0x00000000ec500000)
 ParOldGen       total 68608K, used 25239K [0x00000000c0000000, 0x00000000c4300000, 0x00000000eab00000)
  object space 68608K, 36% used [0x00000000c0000000,0x00000000c18a5f90,0x00000000c4300000)
 Metaspace       used 49262K, committed 50240K, reserved 1114112K
  class space    used 5109K, committed 5568K, reserved 1048576K
}
Event: 7.882 GC heap after
{Heap after GC invocations=22 (full 2):
 PSYoungGen      total 24064K, used 2093K [0x00000000eab00000, 0x00000000ec500000, 0x0000000100000000)
  eden space 21504K, 0% used [0x00000000eab00000,0x00000000eab00000,0x00000000ec000000)
  from space 2560K, 81% used [0x00000000ec280000,0x00000000ec48b520,0x00000000ec500000)
  to   space 2560K, 0% used [0x00000000ec000000,0x00000000ec000000,0x00000000ec280000)
 ParOldGen       total 68608K, used 27063K [0x00000000c0000000, 0x00000000c4300000, 0x00000000eab00000)
  object space 68608K, 39% used [0x00000000c0000000,0x00000000c1a6df90,0x00000000c4300000)
 Metaspace       used 49262K, committed 50240K, reserved 1114112K
  class space    used 5109K, committed 5568K, reserved 1048576K
}

