# JRE version: OpenJDK Runtime Environment Microsoft-8902769 (17.0.10+7) (build 17.0.10+7-LTS)
# Java VM: OpenJDK 64-Bit Server VM Microsoft-8902769 (17.0.10+7-LTS, mixed mode, sharing, tiered, compressed oops, compressed class ptrs, g1 gc, windows-amd64)
GC Precious Log:
 CPUs: 16 total, 16 available
 Memory: 15790M
 Large Page Support: Disabled
 NUMA Support: Disabled
 Compressed Oops: Enabled (32-bit)
 Heap Region Size: 1M
 Heap Min Capacity: 8M
 Heap Initial Capacity: 248M
 Heap Max Capacity: 2G
 Pre-touch: Disabled
 Parallel Workers: 13
 Concurrent Workers: 3
 Concurrent Refinement Workers: 13
 Periodic GC: Disabled
Heap:
 garbage-first heap   total 321536K, used 191297K [0x0000000080000000, 0x0000000100000000)
  region size 1024K, 22 young (22528K), 8 survivors (8192K)
 Metaspace       used 114637K, committed 115712K, reserved 557056K
  class space    used 15516K, committed 16064K, reserved 425984K
GC Heap History (20 events):
Event: 17.206 GC heap before
{Heap before GC invocations=62 (full 0):
 garbage-first heap   total 230400K, used 175976K [0x0000000080000000, 0x0000000100000000)
  region size 1024K, 48 young (49152K), 5 survivors (5120K)
 Metaspace       used 101460K, committed 102336K, reserved 557056K
  class space    used 14052K, committed 14464K, reserved 425984K
}
Event: 17.211 GC heap after
{Heap after GC invocations=63 (full 0):
 garbage-first heap   total 230400K, used 137810K [0x0000000080000000, 0x0000000100000000)
  region size 1024K, 5 young (5120K), 5 survivors (5120K)
 Metaspace       used 101460K, committed 102336K, reserved 557056K
  class space    used 14052K, committed 14464K, reserved 425984K
}
Event: 17.250 GC heap before
{Heap before GC invocations=63 (full 0):
 garbage-first heap   total 230400K, used 143954K [0x0000000080000000, 0x0000000100000000)
  region size 1024K, 11 young (11264K), 5 survivors (5120K)
 Metaspace       used 101694K, committed 102592K, reserved 557056K
  class space    used 14071K, committed 14464K, reserved 425984K
}
Event: 17.255 GC heap after
{Heap after GC invocations=64 (full 0):
 garbage-first heap   total 321536K, used 139395K [0x0000000080000000, 0x0000000100000000)
  region size 1024K, 2 young (2048K), 2 survivors (2048K)
 Metaspace       used 101694K, committed 102592K, reserved 557056K
  class space    used 14071K, committed 14464K, reserved 425984K
}
Event: 18.281 GC heap before
{Heap before GC invocations=64 (full 0):
 garbage-first heap   total 321536K, used 244867K [0x0000000080000000, 0x0000000100000000)
  region size 1024K, 101 young (103424K), 2 survivors (2048K)
 Metaspace       used 104718K, committed 105664K, reserved 557056K
  class space    used 14519K, committed 14976K, reserved 425984K
}
Event: 18.287 GC heap after
{Heap after GC invocations=65 (full 0):
 garbage-first heap   total 321536K, used 146908K [0x0000000080000000, 0x0000000100000000)
  region size 1024K, 10 young (10240K), 10 survivors (10240K)
 Metaspace       used 104718K, committed 105664K, reserved 557056K
  class space    used 14519K, committed 14976K, reserved 425984K
}
Event: 19.190 GC heap before
{Heap before GC invocations=65 (full 0):
 garbage-first heap   total 321536K, used 257500K [0x0000000080000000, 0x0000000100000000)
  region size 1024K, 107 young (109568K), 10 survivors (10240K)
 Metaspace       used 104863K, committed 105856K, reserved 557056K
  class space    used 14524K, committed 14976K, reserved 425984K
}
Event: 19.199 GC heap after
{Heap after GC invocations=66 (full 0):
 garbage-first heap   total 321536K, used 154400K [0x0000000080000000, 0x0000000100000000)
  region size 1024K, 8 young (8192K), 8 survivors (8192K)
 Metaspace       used 104863K, committed 105856K, reserved 557056K
  class space    used 14524K, committed 14976K, reserved 425984K
}
Event: 19.840 GC heap before
{Heap before GC invocations=66 (full 0):
 garbage-first heap   total 321536K, used 268064K [0x0000000080000000, 0x0000000100000000)
  region size 1024K, 104 young (106496K), 8 survivors (8192K)
 Metaspace       used 105117K, committed 106112K, reserved 557056K
  class space    used 14542K, committed 14976K, reserved 425984K
}
Event: 19.849 GC heap after
{Heap after GC invocations=67 (full 0):
 garbage-first heap   total 321536K, used 162159K [0x0000000080000000, 0x0000000100000000)
  region size 1024K, 8 young (8192K), 8 survivors (8192K)
 Metaspace       used 105117K, committed 106112K, reserved 557056K
  class space    used 14542K, committed 14976K, reserved 425984K
}
Event: 20.263 GC heap before
{Heap before GC invocations=67 (full 0):
 garbage-first heap   total 321536K, used 264559K [0x0000000080000000, 0x0000000100000000)
  region size 1024K, 101 young (103424K), 8 survivors (8192K)
 Metaspace       used 105328K, committed 106304K, reserved 557056K
  class space    used 14571K, committed 15040K, reserved 425984K
}
Event: 20.270 GC heap after
{Heap after GC invocations=68 (full 0):
 garbage-first heap   total 321536K, used 167970K [0x0000000080000000, 0x0000000100000000)
  region size 1024K, 6 young (6144K), 6 survivors (6144K)
 Metaspace       used 105328K, committed 106304K, reserved 557056K
  class space    used 14571K, committed 15040K, reserved 425984K
}
Event: 21.248 GC heap before
{Heap before GC invocations=68 (full 0):
 garbage-first heap   total 321536K, used 268322K [0x0000000080000000, 0x0000000100000000)
  region size 1024K, 97 young (99328K), 6 survivors (6144K)
 Metaspace       used 108525K, committed 109568K, reserved 557056K
  class space    used 14962K, committed 15488K, reserved 425984K
}
Event: 21.253 GC heap after
{Heap after GC invocations=69 (full 0):
 garbage-first heap   total 321536K, used 171641K [0x0000000080000000, 0x0000000100000000)
  region size 1024K, 10 young (10240K), 10 survivors (10240K)
 Metaspace       used 108525K, committed 109568K, reserved 557056K
  class space    used 14962K, committed 15488K, reserved 425984K
}
Event: 311.316 GC heap before
{Heap before GC invocations=69 (full 0):
 garbage-first heap   total 321536K, used 262777K [0x0000000080000000, 0x0000000100000000)
  region size 1024K, 100 young (102400K), 10 survivors (10240K)
 Metaspace       used 114086K, committed 115200K, reserved 557056K
  class space    used 15492K, committed 16064K, reserved 425984K
}
Event: 311.322 GC heap after
{Heap after GC invocations=70 (full 0):
 garbage-first heap   total 321536K, used 175458K [0x0000000080000000, 0x0000000100000000)
  region size 1024K, 8 young (8192K), 8 survivors (8192K)
 Metaspace       used 114086K, committed 115200K, reserved 557056K
  class space    used 15492K, committed 16064K, reserved 425984K
}
Event: 2761.315 GC heap before
{Heap before GC invocations=70 (full 0):
 garbage-first heap   total 321536K, used 267618K [0x0000000080000000, 0x0000000100000000)
  region size 1024K, 98 young (100352K), 8 survivors (8192K)
 Metaspace       used 114287K, committed 115456K, reserved 557056K
  class space    used 15492K, committed 16064K, reserved 425984K
}
Event: 2761.330 GC heap after
{Heap after GC invocations=71 (full 0):
 garbage-first heap   total 321536K, used 176111K [0x0000000080000000, 0x0000000100000000)
  region size 1024K, 5 young (5120K), 5 survivors (5120K)
 Metaspace       used 114287K, committed 115456K, reserved 557056K
  class space    used 15492K, committed 16064K, reserved 425984K
}
Event: 4194.456 GC heap before
{Heap before GC invocations=71 (full 0):
 garbage-first heap   total 321536K, used 270319K [0x0000000080000000, 0x0000000100000000)
  region size 1024K, 97 young (99328K), 5 survivors (5120K)
 Metaspace       used 114589K, committed 115712K, reserved 557056K
  class space    used 15515K, committed 16064K, reserved 425984K
}
Event: 4194.462 GC heap after
{Heap after GC invocations=72 (full 0):
 garbage-first heap   total 321536K, used 179009K [0x0000000080000000, 0x0000000100000000)
  region size 1024K, 8 young (8192K), 8 survivors (8192K)
 Metaspace       used 114589K, committed 115712K, reserved 557056K
  class space    used 15515K, committed 16064K, reserved 425984K
}

