# JRE version: OpenJDK Runtime Environment Microsoft-8902769 (17.0.10+7) (build 17.0.10+7-LTS)
# Java VM: OpenJDK 64-Bit Server VM Microsoft-8902769 (17.0.10+7-LTS, mixed mode, sharing, tiered, compressed oops, compressed class ptrs, g1 gc, windows-amd64)
GC Precious Log:
 CPUs: 16 total, 16 available
 Memory: 15790M
 Large Page Support: Disabled
 NUMA Support: Disabled
 Compressed Oops: Enabled (32-bit)
 Heap Region Size: 1M
 Heap Min Capacity: 8M
 Heap Initial Capacity: 248M
 Heap Max Capacity: 2G
 Pre-touch: Disabled
 Parallel Workers: 13
 Concurrent Workers: 3
 Concurrent Refinement Workers: 13
 Periodic GC: Disabled
Heap:
 garbage-first heap   total 126976K, used 73720K [0x0000000080000000, 0x0000000100000000)
  region size 1024K, 17 young (17408K), 6 survivors (6144K)
 Metaspace       used 63507K, committed 64192K, reserved 491520K
  class space    used 8948K, committed 9280K, reserved 425984K
GC Heap History (20 events):
Event: 2.969 GC heap before
{Heap before GC invocations=5 (full 0):
 garbage-first heap   total 81920K, used 25221K [0x0000000080000000, 0x0000000100000000)
  region size 1024K, 4 young (4096K), 3 survivors (3072K)
 Metaspace       used 26891K, committed 27264K, reserved 491520K
  class space    used 3829K, committed 4032K, reserved 425984K
}
Event: 2.972 GC heap after
{Heap after GC invocations=6 (full 0):
 garbage-first heap   total 81920K, used 25908K [0x0000000080000000, 0x0000000100000000)
  region size 1024K, 1 young (1024K), 1 survivors (1024K)
 Metaspace       used 26891K, committed 27264K, reserved 491520K
  class space    used 3829K, committed 4032K, reserved 425984K
}
Event: 3.332 GC heap before
{Heap before GC invocations=6 (full 0):
 garbage-first heap   total 81920K, used 59700K [0x0000000080000000, 0x0000000100000000)
  region size 1024K, 35 young (35840K), 1 survivors (1024K)
 Metaspace       used 31117K, committed 31488K, reserved 491520K
  class space    used 4366K, committed 4544K, reserved 425984K
}
Event: 3.334 GC heap after
{Heap after GC invocations=7 (full 0):
 garbage-first heap   total 81920K, used 28735K [0x0000000080000000, 0x0000000100000000)
  region size 1024K, 4 young (4096K), 4 survivors (4096K)
 Metaspace       used 31117K, committed 31488K, reserved 491520K
  class space    used 4366K, committed 4544K, reserved 425984K
}
Event: 5.567 GC heap before
{Heap before GC invocations=7 (full 0):
 garbage-first heap   total 81920K, used 65599K [0x0000000080000000, 0x0000000100000000)
  region size 1024K, 36 young (36864K), 4 survivors (4096K)
 Metaspace       used 33504K, committed 33920K, reserved 491520K
  class space    used 4604K, committed 4800K, reserved 425984K
}
Event: 5.570 GC heap after
{Heap after GC invocations=8 (full 0):
 garbage-first heap   total 81920K, used 31224K [0x0000000080000000, 0x0000000100000000)
  region size 1024K, 4 young (4096K), 4 survivors (4096K)
 Metaspace       used 33504K, committed 33920K, reserved 491520K
  class space    used 4604K, committed 4800K, reserved 425984K
}
Event: 5.858 GC heap before
{Heap before GC invocations=8 (full 0):
 garbage-first heap   total 81920K, used 60920K [0x0000000080000000, 0x0000000100000000)
  region size 1024K, 32 young (32768K), 4 survivors (4096K)
 Metaspace       used 35526K, committed 35968K, reserved 491520K
  class space    used 4859K, committed 5056K, reserved 425984K
}
Event: 5.861 GC heap after
{Heap after GC invocations=9 (full 0):
 garbage-first heap   total 81920K, used 33984K [0x0000000080000000, 0x0000000100000000)
  region size 1024K, 2 young (2048K), 2 survivors (2048K)
 Metaspace       used 35526K, committed 35968K, reserved 491520K
  class space    used 4859K, committed 5056K, reserved 425984K
}
Event: 6.197 GC heap before
{Heap before GC invocations=10 (full 0):
 garbage-first heap   total 81920K, used 63680K [0x0000000080000000, 0x0000000100000000)
  region size 1024K, 31 young (31744K), 2 survivors (2048K)
 Metaspace       used 38918K, committed 39424K, reserved 491520K
  class space    used 5375K, committed 5568K, reserved 425984K
}
Event: 6.200 GC heap after
{Heap after GC invocations=11 (full 0):
 garbage-first heap   total 130048K, used 34434K [0x0000000080000000, 0x0000000100000000)
  region size 1024K, 4 young (4096K), 4 survivors (4096K)
 Metaspace       used 38918K, committed 39424K, reserved 491520K
  class space    used 5375K, committed 5568K, reserved 425984K
}
Event: 7.104 GC heap before
{Heap before GC invocations=12 (full 0):
 garbage-first heap   total 126976K, used 100994K [0x0000000080000000, 0x0000000100000000)
  region size 1024K, 69 young (70656K), 4 survivors (4096K)
 Metaspace       used 46317K, committed 46912K, reserved 491520K
  class space    used 6530K, committed 6784K, reserved 425984K
}
Event: 7.108 GC heap after
{Heap after GC invocations=13 (full 0):
 garbage-first heap   total 126976K, used 37892K [0x0000000080000000, 0x0000000100000000)
  region size 1024K, 7 young (7168K), 7 survivors (7168K)
 Metaspace       used 46317K, committed 46912K, reserved 491520K
  class space    used 6530K, committed 6784K, reserved 425984K
}
Event: 7.884 GC heap before
{Heap before GC invocations=13 (full 0):
 garbage-first heap   total 126976K, used 106500K [0x0000000080000000, 0x0000000100000000)
  region size 1024K, 67 young (68608K), 7 survivors (7168K)
 Metaspace       used 52082K, committed 52736K, reserved 491520K
  class space    used 7357K, committed 7680K, reserved 425984K
}
Event: 7.889 GC heap after
{Heap after GC invocations=14 (full 0):
 garbage-first heap   total 126976K, used 51325K [0x0000000080000000, 0x0000000100000000)
  region size 1024K, 9 young (9216K), 9 survivors (9216K)
 Metaspace       used 52082K, committed 52736K, reserved 491520K
  class space    used 7357K, committed 7680K, reserved 425984K
}
Event: 8.315 GC heap before
{Heap before GC invocations=14 (full 0):
 garbage-first heap   total 126976K, used 104573K [0x0000000080000000, 0x0000000100000000)
  region size 1024K, 57 young (58368K), 9 survivors (9216K)
 Metaspace       used 55954K, committed 56576K, reserved 491520K
  class space    used 7884K, committed 8192K, reserved 425984K
}
Event: 8.320 GC heap after
{Heap after GC invocations=15 (full 0):
 garbage-first heap   total 126976K, used 57589K [0x0000000080000000, 0x0000000100000000)
  region size 1024K, 3 young (3072K), 3 survivors (3072K)
 Metaspace       used 55954K, committed 56576K, reserved 491520K
  class space    used 7884K, committed 8192K, reserved 425984K
}
Event: 8.741 GC heap before
{Heap before GC invocations=15 (full 0):
 garbage-first heap   total 126976K, used 103669K [0x0000000080000000, 0x0000000100000000)
  region size 1024K, 48 young (49152K), 3 survivors (3072K)
 Metaspace       used 60139K, committed 60800K, reserved 491520K
  class space    used 8447K, committed 8768K, reserved 425984K
}
Event: 8.744 GC heap after
{Heap after GC invocations=16 (full 0):
 garbage-first heap   total 126976K, used 60009K [0x0000000080000000, 0x0000000100000000)
  region size 1024K, 5 young (5120K), 5 survivors (5120K)
 Metaspace       used 60139K, committed 60800K, reserved 491520K
  class space    used 8447K, committed 8768K, reserved 425984K
}
Event: 9.287 GC heap before
{Heap before GC invocations=16 (full 0):
 garbage-first heap   total 126976K, used 104041K [0x0000000080000000, 0x0000000100000000)
  region size 1024K, 48 young (49152K), 5 survivors (5120K)
 Metaspace       used 62643K, committed 63360K, reserved 491520K
  class space    used 8807K, committed 9152K, reserved 425984K
}
Event: 9.291 GC heap after
{Heap after GC invocations=17 (full 0):
 garbage-first heap   total 126976K, used 63480K [0x0000000080000000, 0x0000000100000000)
  region size 1024K, 6 young (6144K), 6 survivors (6144K)
 Metaspace       used 62643K, committed 63360K, reserved 491520K
  class space    used 8807K, committed 9152K, reserved 425984K
}

