# JRE version: OpenJDK Runtime Environment Temurin-17.0.10+7 (17.0.10+7) (build 17.0.10+7)
# Java VM: OpenJDK 64-Bit Server VM Temurin-17.0.10+7 (17.0.10+7, mixed mode, tiered, compressed oops, compressed class ptrs, parallel gc, windows-amd64)
GC Precious Log:
 CPUs: 16 total, 16 available
 Memory: 15790M
 Large Page Support: Disabled
 NUMA Support: Disabled
 Compressed Oops: Enabled (32-bit)
 Alignments: Space 512K, Generation 512K, Heap 2M
 Heap Min Capacity: 100M
 Heap Initial Capacity: 100M
 Heap Max Capacity: 1G
 Pre-touch: Disabled
 Parallel Workers: 13
Heap:
 PSYoungGen      total 22528K, used 16568K [0x00000000eab00000, 0x00000000ec680000, 0x0000000100000000)
  eden space 18432K, 67% used [0x00000000eab00000,0x00000000eb734f70,0x00000000ebd00000)
  from space 4096K, 99% used [0x00000000ec180000,0x00000000ec5791c0,0x00000000ec580000)
  to   space 4608K, 0% used [0x00000000ebd00000,0x00000000ebd00000,0x00000000ec180000)
 ParOldGen       total 90112K, used 59652K [0x00000000c0000000, 0x00000000c5800000, 0x00000000eab00000)
  object space 90112K, 66% used [0x00000000c0000000,0x00000000c3a411e0,0x00000000c5800000)
 Metaspace       used 72251K, committed 73408K, reserved 1114112K
  class space    used 7994K, committed 8448K, reserved 1048576K
GC Heap History (20 events):
Event: 11.549 GC heap before
{Heap before GC invocations=36 (full 3):
 PSYoungGen      total 20992K, used 20982K [0x00000000eab00000, 0x00000000ec600000, 0x0000000100000000)
  eden space 19968K, 99% used [0x00000000eab00000,0x00000000ebe7f8c8,0x00000000ebe80000)
  from space 1024K, 99% used [0x00000000ec500000,0x00000000ec5fdfc8,0x00000000ec600000)
  to   space 2560K, 0% used [0x00000000ec100000,0x00000000ec100000,0x00000000ec380000)
 ParOldGen       total 68608K, used 50370K [0x00000000c0000000, 0x00000000c4300000, 0x00000000eab00000)
  object space 68608K, 73% used [0x00000000c0000000,0x00000000c3130870,0x00000000c4300000)
 Metaspace       used 63229K, committed 64384K, reserved 1114112K
  class space    used 7201K, committed 7680K, reserved 1048576K
}
Event: 11.551 GC heap after
{Heap after GC invocations=36 (full 3):
 PSYoungGen      total 22528K, used 752K [0x00000000eab00000, 0x00000000ec580000, 0x0000000100000000)
  eden space 19968K, 0% used [0x00000000eab00000,0x00000000eab00000,0x00000000ebe80000)
  from space 2560K, 29% used [0x00000000ec100000,0x00000000ec1bc010,0x00000000ec380000)
  to   space 1536K, 0% used [0x00000000ec400000,0x00000000ec400000,0x00000000ec580000)
 ParOldGen       total 68608K, used 51304K [0x00000000c0000000, 0x00000000c4300000, 0x00000000eab00000)
  object space 68608K, 74% used [0x00000000c0000000,0x00000000c321a190,0x00000000c4300000)
 Metaspace       used 63229K, committed 64384K, reserved 1114112K
  class space    used 7201K, committed 7680K, reserved 1048576K
}
Event: 11.980 GC heap before
{Heap before GC invocations=37 (full 3):
 PSYoungGen      total 22528K, used 20670K [0x00000000eab00000, 0x00000000ec580000, 0x0000000100000000)
  eden space 19968K, 99% used [0x00000000eab00000,0x00000000ebe738e0,0x00000000ebe80000)
  from space 2560K, 29% used [0x00000000ec100000,0x00000000ec1bc010,0x00000000ec380000)
  to   space 1536K, 0% used [0x00000000ec400000,0x00000000ec400000,0x00000000ec580000)
 ParOldGen       total 68608K, used 51304K [0x00000000c0000000, 0x00000000c4300000, 0x00000000eab00000)
  object space 68608K, 74% used [0x00000000c0000000,0x00000000c321a190,0x00000000c4300000)
 Metaspace       used 64873K, committed 66048K, reserved 1114112K
  class space    used 7411K, committed 7872K, reserved 1048576K
}
Event: 11.981 GC heap after
{Heap after GC invocations=37 (full 3):
 PSYoungGen      total 20992K, used 1019K [0x00000000eab00000, 0x00000000ec500000, 0x0000000100000000)
  eden space 19968K, 0% used [0x00000000eab00000,0x00000000eab00000,0x00000000ebe80000)
  from space 1024K, 99% used [0x00000000ec400000,0x00000000ec4fec50,0x00000000ec500000)
  to   space 1536K, 0% used [0x00000000ec200000,0x00000000ec200000,0x00000000ec380000)
 ParOldGen       total 68608K, used 51819K [0x00000000c0000000, 0x00000000c4300000, 0x00000000eab00000)
  object space 68608K, 75% used [0x00000000c0000000,0x00000000c329aea0,0x00000000c4300000)
 Metaspace       used 64873K, committed 66048K, reserved 1114112K
  class space    used 7411K, committed 7872K, reserved 1048576K
}
Event: 12.239 GC heap before
{Heap before GC invocations=38 (full 3):
 PSYoungGen      total 20992K, used 20987K [0x00000000eab00000, 0x00000000ec500000, 0x0000000100000000)
  eden space 19968K, 100% used [0x00000000eab00000,0x00000000ebe80000,0x00000000ebe80000)
  from space 1024K, 99% used [0x00000000ec400000,0x00000000ec4fec50,0x00000000ec500000)
  to   space 1536K, 0% used [0x00000000ec200000,0x00000000ec200000,0x00000000ec380000)
 ParOldGen       total 68608K, used 51819K [0x00000000c0000000, 0x00000000c4300000, 0x00000000eab00000)
  object space 68608K, 75% used [0x00000000c0000000,0x00000000c329aea0,0x00000000c4300000)
 Metaspace       used 65792K, committed 66880K, reserved 1114112K
  class space    used 7518K, committed 7936K, reserved 1048576K
}
Event: 12.239 GC heap after
{Heap after GC invocations=38 (full 3):
 PSYoungGen      total 21504K, used 416K [0x00000000eab00000, 0x00000000ec480000, 0x0000000100000000)
  eden space 19968K, 0% used [0x00000000eab00000,0x00000000eab00000,0x00000000ebe80000)
  from space 1536K, 27% used [0x00000000ec200000,0x00000000ec268000,0x00000000ec380000)
  to   space 1024K, 0% used [0x00000000ec380000,0x00000000ec380000,0x00000000ec480000)
 ParOldGen       total 68608K, used 52605K [0x00000000c0000000, 0x00000000c4300000, 0x00000000eab00000)
  object space 68608K, 76% used [0x00000000c0000000,0x00000000c335f6a0,0x00000000c4300000)
 Metaspace       used 65792K, committed 66880K, reserved 1114112K
  class space    used 7518K, committed 7936K, reserved 1048576K
}
Event: 12.357 GC heap before
{Heap before GC invocations=39 (full 3):
 PSYoungGen      total 21504K, used 20384K [0x00000000eab00000, 0x00000000ec480000, 0x0000000100000000)
  eden space 19968K, 100% used [0x00000000eab00000,0x00000000ebe80000,0x00000000ebe80000)
  from space 1536K, 27% used [0x00000000ec200000,0x00000000ec268000,0x00000000ec380000)
  to   space 1024K, 0% used [0x00000000ec380000,0x00000000ec380000,0x00000000ec480000)
 ParOldGen       total 68608K, used 52605K [0x00000000c0000000, 0x00000000c4300000, 0x00000000eab00000)
  object space 68608K, 76% used [0x00000000c0000000,0x00000000c335f6a0,0x00000000c4300000)
 Metaspace       used 66692K, committed 67712K, reserved 1114112K
  class space    used 7591K, committed 8000K, reserved 1048576K
}
Event: 12.358 GC heap after
{Heap after GC invocations=39 (full 3):
 PSYoungGen      total 20992K, used 917K [0x00000000eab00000, 0x00000000ec480000, 0x0000000100000000)
  eden space 19968K, 0% used [0x00000000eab00000,0x00000000eab00000,0x00000000ebe80000)
  from space 1024K, 89% used [0x00000000ec380000,0x00000000ec465790,0x00000000ec480000)
  to   space 1024K, 0% used [0x00000000ec280000,0x00000000ec280000,0x00000000ec380000)
 ParOldGen       total 68608K, used 53402K [0x00000000c0000000, 0x00000000c4300000, 0x00000000eab00000)
  object space 68608K, 77% used [0x00000000c0000000,0x00000000c3426b60,0x00000000c4300000)
 Metaspace       used 66692K, committed 67712K, reserved 1114112K
  class space    used 7591K, committed 8000K, reserved 1048576K
}
Event: 12.418 GC heap before
{Heap before GC invocations=40 (full 3):
 PSYoungGen      total 20992K, used 20883K [0x00000000eab00000, 0x00000000ec480000, 0x0000000100000000)
  eden space 19968K, 99% used [0x00000000eab00000,0x00000000ebe7f858,0x00000000ebe80000)
  from space 1024K, 89% used [0x00000000ec380000,0x00000000ec465790,0x00000000ec480000)
  to   space 1024K, 0% used [0x00000000ec280000,0x00000000ec280000,0x00000000ec380000)
 ParOldGen       total 68608K, used 53402K [0x00000000c0000000, 0x00000000c4300000, 0x00000000eab00000)
  object space 68608K, 77% used [0x00000000c0000000,0x00000000c3426b60,0x00000000c4300000)
 Metaspace       used 66705K, committed 67776K, reserved 1114112K
  class space    used 7591K, committed 8000K, reserved 1048576K
}
Event: 12.419 GC heap after
{Heap after GC invocations=40 (full 3):
 PSYoungGen      total 20992K, used 1005K [0x00000000eab00000, 0x00000000ec400000, 0x0000000100000000)
  eden space 19968K, 0% used [0x00000000eab00000,0x00000000eab00000,0x00000000ebe80000)
  from space 1024K, 98% used [0x00000000ec280000,0x00000000ec37b520,0x00000000ec380000)
  to   space 512K, 0% used [0x00000000ec380000,0x00000000ec380000,0x00000000ec400000)
 ParOldGen       total 68608K, used 54006K [0x00000000c0000000, 0x00000000c4300000, 0x00000000eab00000)
  object space 68608K, 78% used [0x00000000c0000000,0x00000000c34bdac0,0x00000000c4300000)
 Metaspace       used 66705K, committed 67776K, reserved 1114112K
  class space    used 7591K, committed 8000K, reserved 1048576K
}
Event: 12.798 GC heap before
{Heap before GC invocations=41 (full 3):
 PSYoungGen      total 20992K, used 20973K [0x00000000eab00000, 0x00000000ec400000, 0x0000000100000000)
  eden space 19968K, 100% used [0x00000000eab00000,0x00000000ebe80000,0x00000000ebe80000)
  from space 1024K, 98% used [0x00000000ec280000,0x00000000ec37b520,0x00000000ec380000)
  to   space 512K, 0% used [0x00000000ec380000,0x00000000ec380000,0x00000000ec400000)
 ParOldGen       total 68608K, used 54006K [0x00000000c0000000, 0x00000000c4300000, 0x00000000eab00000)
  object space 68608K, 78% used [0x00000000c0000000,0x00000000c34bdac0,0x00000000c4300000)
 Metaspace       used 68704K, committed 69824K, reserved 1114112K
  class space    used 7755K, committed 8256K, reserved 1048576K
}
Event: 12.802 GC heap after
{Heap after GC invocations=41 (full 3):
 PSYoungGen      total 19456K, used 488K [0x00000000eab00000, 0x00000000eca80000, 0x0000000100000000)
  eden space 18944K, 0% used [0x00000000eab00000,0x00000000eab00000,0x00000000ebd80000)
  from space 512K, 95% used [0x00000000ec380000,0x00000000ec3fa080,0x00000000ec400000)
  to   space 6144K, 0% used [0x00000000ebd80000,0x00000000ebd80000,0x00000000ec380000)
 ParOldGen       total 68608K, used 58784K [0x00000000c0000000, 0x00000000c4300000, 0x00000000eab00000)
  object space 68608K, 85% used [0x00000000c0000000,0x00000000c3968288,0x00000000c4300000)
 Metaspace       used 68704K, committed 69824K, reserved 1114112K
  class space    used 7755K, committed 8256K, reserved 1048576K
}
Event: 13.213 GC heap before
{Heap before GC invocations=42 (full 3):
 PSYoungGen      total 19456K, used 19432K [0x00000000eab00000, 0x00000000eca80000, 0x0000000100000000)
  eden space 18944K, 100% used [0x00000000eab00000,0x00000000ebd80000,0x00000000ebd80000)
  from space 512K, 95% used [0x00000000ec380000,0x00000000ec3fa080,0x00000000ec400000)
  to   space 6144K, 0% used [0x00000000ebd80000,0x00000000ebd80000,0x00000000ec380000)
 ParOldGen       total 68608K, used 58784K [0x00000000c0000000, 0x00000000c4300000, 0x00000000eab00000)
  object space 68608K, 85% used [0x00000000c0000000,0x00000000c3968288,0x00000000c4300000)
 Metaspace       used 70097K, committed 71232K, reserved 1114112K
  class space    used 7859K, committed 8320K, reserved 1048576K
}
Event: 13.218 GC heap after
{Heap after GC invocations=42 (full 3):
 PSYoungGen      total 23552K, used 4601K [0x00000000eab00000, 0x00000000ec780000, 0x0000000100000000)
  eden space 18944K, 0% used [0x00000000eab00000,0x00000000eab00000,0x00000000ebd80000)
  from space 4608K, 99% used [0x00000000ebd80000,0x00000000ec1fe588,0x00000000ec200000)
  to   space 5120K, 0% used [0x00000000ec280000,0x00000000ec280000,0x00000000ec780000)
 ParOldGen       total 68608K, used 59277K [0x00000000c0000000, 0x00000000c4300000, 0x00000000eab00000)
  object space 68608K, 86% used [0x00000000c0000000,0x00000000c39e37b0,0x00000000c4300000)
 Metaspace       used 70097K, committed 71232K, reserved 1114112K
  class space    used 7859K, committed 8320K, reserved 1048576K
}
Event: 13.608 GC heap before
{Heap before GC invocations=43 (full 3):
 PSYoungGen      total 23552K, used 23545K [0x00000000eab00000, 0x00000000ec780000, 0x0000000100000000)
  eden space 18944K, 100% used [0x00000000eab00000,0x00000000ebd80000,0x00000000ebd80000)
  from space 4608K, 99% used [0x00000000ebd80000,0x00000000ec1fe588,0x00000000ec200000)
  to   space 5120K, 0% used [0x00000000ec280000,0x00000000ec280000,0x00000000ec780000)
 ParOldGen       total 68608K, used 59277K [0x00000000c0000000, 0x00000000c4300000, 0x00000000eab00000)
  object space 68608K, 86% used [0x00000000c0000000,0x00000000c39e37b0,0x00000000c4300000)
 Metaspace       used 71088K, committed 72192K, reserved 1114112K
  class space    used 7927K, committed 8384K, reserved 1048576K
}
Event: 13.613 GC heap after
{Heap after GC invocations=43 (full 3):
 PSYoungGen      total 22528K, used 3167K [0x00000000eab00000, 0x00000000ec600000, 0x0000000100000000)
  eden space 18944K, 0% used [0x00000000eab00000,0x00000000eab00000,0x00000000ebd80000)
  from space 3584K, 88% used [0x00000000ec280000,0x00000000ec597f90,0x00000000ec600000)
  to   space 4096K, 0% used [0x00000000ebe00000,0x00000000ebe00000,0x00000000ec200000)
 ParOldGen       total 68608K, used 63678K [0x00000000c0000000, 0x00000000c4300000, 0x00000000eab00000)
  object space 68608K, 92% used [0x00000000c0000000,0x00000000c3e2fa38,0x00000000c4300000)
 Metaspace       used 71088K, committed 72192K, reserved 1114112K
  class space    used 7927K, committed 8384K, reserved 1048576K
}
Event: 13.613 GC heap before
{Heap before GC invocations=44 (full 4):
 PSYoungGen      total 22528K, used 3167K [0x00000000eab00000, 0x00000000ec600000, 0x0000000100000000)
  eden space 18944K, 0% used [0x00000000eab00000,0x00000000eab00000,0x00000000ebd80000)
  from space 3584K, 88% used [0x00000000ec280000,0x00000000ec597f90,0x00000000ec600000)
  to   space 4096K, 0% used [0x00000000ebe00000,0x00000000ebe00000,0x00000000ec200000)
 ParOldGen       total 68608K, used 63678K [0x00000000c0000000, 0x00000000c4300000, 0x00000000eab00000)
  object space 68608K, 92% used [0x00000000c0000000,0x00000000c3e2fa38,0x00000000c4300000)
 Metaspace       used 71088K, committed 72192K, reserved 1114112K
  class space    used 7927K, committed 8384K, reserved 1048576K
}
Event: 13.666 GC heap after
{Heap after GC invocations=44 (full 4):
 PSYoungGen      total 19456K, used 0K [0x00000000eab00000, 0x00000000ec580000, 0x0000000100000000)
  eden space 18944K, 0% used [0x00000000eab00000,0x00000000eab00000,0x00000000ebd80000)
  from space 512K, 0% used [0x00000000ebe00000,0x00000000ebe00000,0x00000000ebe80000)
  to   space 4096K, 0% used [0x00000000ec180000,0x00000000ec180000,0x00000000ec580000)
 ParOldGen       total 90112K, used 59479K [0x00000000c0000000, 0x00000000c5800000, 0x00000000eab00000)
  object space 90112K, 66% used [0x00000000c0000000,0x00000000c3a15dd0,0x00000000c5800000)
 Metaspace       used 71088K, committed 72192K, reserved 1114112K
  class space    used 7927K, committed 8384K, reserved 1048576K
}
Event: 14.179 GC heap before
{Heap before GC invocations=45 (full 4):
 PSYoungGen      total 19456K, used 18944K [0x00000000eab00000, 0x00000000ec580000, 0x0000000100000000)
  eden space 18944K, 100% used [0x00000000eab00000,0x00000000ebd80000,0x00000000ebd80000)
  from space 512K, 0% used [0x00000000ebe00000,0x00000000ebe00000,0x00000000ebe80000)
  to   space 4096K, 0% used [0x00000000ec180000,0x00000000ec180000,0x00000000ec580000)
 ParOldGen       total 90112K, used 59479K [0x00000000c0000000, 0x00000000c5800000, 0x00000000eab00000)
  object space 90112K, 66% used [0x00000000c0000000,0x00000000c3a15dd0,0x00000000c5800000)
 Metaspace       used 71663K, committed 72768K, reserved 1114112K
  class space    used 7935K, committed 8384K, reserved 1048576K
}
Event: 14.181 GC heap after
{Heap after GC invocations=45 (full 4):
 PSYoungGen      total 22528K, used 4068K [0x00000000eab00000, 0x00000000ec680000, 0x0000000100000000)
  eden space 18432K, 0% used [0x00000000eab00000,0x00000000eab00000,0x00000000ebd00000)
  from space 4096K, 99% used [0x00000000ec180000,0x00000000ec5791c0,0x00000000ec580000)
  to   space 4608K, 0% used [0x00000000ebd00000,0x00000000ebd00000,0x00000000ec180000)
 ParOldGen       total 90112K, used 59652K [0x00000000c0000000, 0x00000000c5800000, 0x00000000eab00000)
  object space 90112K, 66% used [0x00000000c0000000,0x00000000c3a411e0,0x00000000c5800000)
 Metaspace       used 71663K, committed 72768K, reserved 1114112K
  class space    used 7935K, committed 8384K, reserved 1048576K
}

