# JRE version: OpenJDK Runtime Environment Microsoft-8902769 (17.0.10+7) (build 17.0.10+7-LTS)
# Java VM: OpenJDK 64-Bit Server VM Microsoft-8902769 (17.0.10+7-LTS, mixed mode, sharing, tiered, compressed oops, compressed class ptrs, g1 gc, windows-amd64)
GC Precious Log:
 CPUs: 16 total, 16 available
 Memory: 15790M
 Large Page Support: Disabled
 NUMA Support: Disabled
 Compressed Oops: Enabled (32-bit)
 Heap Region Size: 1M
 Heap Min Capacity: 8M
 Heap Initial Capacity: 248M
 Heap Max Capacity: 2G
 Pre-touch: Disabled
 Parallel Workers: 13
 Concurrent Workers: 3
 Concurrent Refinement Workers: 13
 Periodic GC: Disabled
Heap:
 garbage-first heap   total 166912K, used 123075K [0x0000000080000000, 0x0000000100000000)
  region size 1024K, 34 young (34816K), 5 survivors (5120K)
 Metaspace       used 84581K, committed 85376K, reserved 557056K
  class space    used 11625K, committed 11968K, reserved 425984K
GC Heap History (20 events):
Event: 15.496 GC heap before
{Heap before GC invocations=25 (full 0):
 garbage-first heap   total 135168K, used 107101K [0x0000000080000000, 0x0000000100000000)
  region size 1024K, 43 young (44032K), 1 survivors (1024K)
 Metaspace       used 68281K, committed 69056K, reserved 491520K
  class space    used 9508K, committed 9856K, reserved 425984K
}
Event: 15.500 GC heap after
{Heap after GC invocations=26 (full 0):
 garbage-first heap   total 135168K, used 66434K [0x0000000080000000, 0x0000000100000000)
  region size 1024K, 3 young (3072K), 3 survivors (3072K)
 Metaspace       used 68281K, committed 69056K, reserved 491520K
  class space    used 9508K, committed 9856K, reserved 425984K
}
Event: 16.799 GC heap before
{Heap before GC invocations=27 (full 0):
 garbage-first heap   total 135168K, used 108418K [0x0000000080000000, 0x0000000100000000)
  region size 1024K, 44 young (45056K), 3 survivors (3072K)
 Metaspace       used 71149K, committed 71936K, reserved 491520K
  class space    used 9943K, committed 10304K, reserved 425984K
}
Event: 16.805 GC heap after
{Heap after GC invocations=28 (full 0):
 garbage-first heap   total 135168K, used 69977K [0x0000000080000000, 0x0000000100000000)
  region size 1024K, 6 young (6144K), 6 survivors (6144K)
 Metaspace       used 71149K, committed 71936K, reserved 491520K
  class space    used 9943K, committed 10304K, reserved 425984K
}
Event: 17.582 GC heap before
{Heap before GC invocations=28 (full 0):
 garbage-first heap   total 135168K, used 114009K [0x0000000080000000, 0x0000000100000000)
  region size 1024K, 45 young (46080K), 6 survivors (6144K)
 Metaspace       used 72751K, committed 73536K, reserved 491520K
  class space    used 10187K, committed 10560K, reserved 425984K
}
Event: 17.588 GC heap after
{Heap after GC invocations=29 (full 0):
 garbage-first heap   total 135168K, used 81069K [0x0000000080000000, 0x0000000100000000)
  region size 1024K, 6 young (6144K), 6 survivors (6144K)
 Metaspace       used 72751K, committed 73536K, reserved 491520K
  class space    used 10187K, committed 10560K, reserved 425984K
}
Event: 17.921 GC heap before
{Heap before GC invocations=29 (full 0):
 garbage-first heap   total 135168K, used 107693K [0x0000000080000000, 0x0000000100000000)
  region size 1024K, 33 young (33792K), 6 survivors (6144K)
 Metaspace       used 74889K, committed 75584K, reserved 557056K
  class space    used 10417K, committed 10752K, reserved 425984K
}
Event: 17.924 GC heap after
{Heap after GC invocations=30 (full 0):
 garbage-first heap   total 135168K, used 83719K [0x0000000080000000, 0x0000000100000000)
  region size 1024K, 3 young (3072K), 3 survivors (3072K)
 Metaspace       used 74889K, committed 75584K, reserved 557056K
  class space    used 10417K, committed 10752K, reserved 425984K
}
Event: 18.218 GC heap before
{Heap before GC invocations=30 (full 0):
 garbage-first heap   total 135168K, used 108295K [0x0000000080000000, 0x0000000100000000)
  region size 1024K, 28 young (28672K), 3 survivors (3072K)
 Metaspace       used 77224K, committed 78016K, reserved 557056K
  class space    used 10650K, committed 11008K, reserved 425984K
}
Event: 18.221 GC heap after
{Heap after GC invocations=31 (full 0):
 garbage-first heap   total 135168K, used 83906K [0x0000000080000000, 0x0000000100000000)
  region size 1024K, 3 young (3072K), 3 survivors (3072K)
 Metaspace       used 77224K, committed 78016K, reserved 557056K
  class space    used 10650K, committed 11008K, reserved 425984K
}
Event: 18.437 GC heap before
{Heap before GC invocations=31 (full 0):
 garbage-first heap   total 135168K, used 116674K [0x0000000080000000, 0x0000000100000000)
  region size 1024K, 29 young (29696K), 3 survivors (3072K)
 Metaspace       used 78260K, committed 79040K, reserved 557056K
  class space    used 10790K, committed 11136K, reserved 425984K
}
Event: 18.441 GC heap after
{Heap after GC invocations=32 (full 0):
 garbage-first heap   total 135168K, used 93352K [0x0000000080000000, 0x0000000100000000)
  region size 1024K, 4 young (4096K), 4 survivors (4096K)
 Metaspace       used 78260K, committed 79040K, reserved 557056K
  class space    used 10790K, committed 11136K, reserved 425984K
}
Event: 18.658 GC heap before
{Heap before GC invocations=32 (full 0):
 garbage-first heap   total 135168K, used 109736K [0x0000000080000000, 0x0000000100000000)
  region size 1024K, 21 young (21504K), 4 survivors (4096K)
 Metaspace       used 79457K, committed 80256K, reserved 557056K
  class space    used 10954K, committed 11264K, reserved 425984K
}
Event: 18.661 GC heap after
{Heap after GC invocations=33 (full 0):
 garbage-first heap   total 135168K, used 90798K [0x0000000080000000, 0x0000000100000000)
  region size 1024K, 2 young (2048K), 2 survivors (2048K)
 Metaspace       used 79457K, committed 80256K, reserved 557056K
  class space    used 10954K, committed 11264K, reserved 425984K
}
Event: 18.900 GC heap before
{Heap before GC invocations=33 (full 0):
 garbage-first heap   total 135168K, used 110254K [0x0000000080000000, 0x0000000100000000)
  region size 1024K, 21 young (21504K), 2 survivors (2048K)
 Metaspace       used 80769K, committed 81536K, reserved 557056K
  class space    used 11120K, committed 11456K, reserved 425984K
}
Event: 18.903 GC heap after
{Heap after GC invocations=34 (full 0):
 garbage-first heap   total 135168K, used 91615K [0x0000000080000000, 0x0000000100000000)
  region size 1024K, 3 young (3072K), 3 survivors (3072K)
 Metaspace       used 80769K, committed 81536K, reserved 557056K
  class space    used 11120K, committed 11456K, reserved 425984K
}
Event: 19.186 GC heap before
{Heap before GC invocations=34 (full 0):
 garbage-first heap   total 135168K, used 111071K [0x0000000080000000, 0x0000000100000000)
  region size 1024K, 23 young (23552K), 3 survivors (3072K)
 Metaspace       used 82203K, committed 82944K, reserved 557056K
  class space    used 11304K, committed 11648K, reserved 425984K
}
Event: 19.189 GC heap after
{Heap after GC invocations=35 (full 0):
 garbage-first heap   total 166912K, used 92130K [0x0000000080000000, 0x0000000100000000)
  region size 1024K, 2 young (2048K), 2 survivors (2048K)
 Metaspace       used 82203K, committed 82944K, reserved 557056K
  class space    used 11304K, committed 11648K, reserved 425984K
}
Event: 19.671 GC heap before
{Heap before GC invocations=35 (full 0):
 garbage-first heap   total 166912K, used 134114K [0x0000000080000000, 0x0000000100000000)
  region size 1024K, 43 young (44032K), 2 survivors (2048K)
 Metaspace       used 84512K, committed 85312K, reserved 557056K
  class space    used 11617K, committed 11968K, reserved 425984K
}
Event: 19.677 GC heap after
{Heap after GC invocations=36 (full 0):
 garbage-first heap   total 166912K, used 94403K [0x0000000080000000, 0x0000000100000000)
  region size 1024K, 5 young (5120K), 5 survivors (5120K)
 Metaspace       used 84512K, committed 85312K, reserved 557056K
  class space    used 11617K, committed 11968K, reserved 425984K
}

