# JRE version: OpenJDK Runtime Environment Microsoft-8902769 (17.0.10+7) (build 17.0.10+7-LTS)
# Java VM: OpenJDK 64-Bit Server VM Microsoft-8902769 (17.0.10+7-LTS, mixed mode, sharing, tiered, compressed oops, compressed class ptrs, g1 gc, windows-amd64)
GC Precious Log:
 CPUs: 16 total, 16 available
 Memory: 15790M
 Large Page Support: Disabled
 NUMA Support: Disabled
 Compressed Oops: Enabled (32-bit)
 Heap Region Size: 1M
 Heap Min Capacity: 8M
 Heap Initial Capacity: 248M
 Heap Max Capacity: 2G
 Pre-touch: Disabled
 Parallel Workers: 13
 Concurrent Workers: 3
 Concurrent Refinement Workers: 13
 Periodic GC: Disabled
Heap:
 garbage-first heap   total 86016K, used 39670K [0x0000000080000000, 0x0000000100000000)
  region size 1024K, 11 young (11264K), 4 survivors (4096K)
 Metaspace       used 34268K, committed 34688K, reserved 491520K
  class space    used 4733K, committed 4928K, reserved 425984K
GC Heap History (12 events):
Event: 0.605 GC heap before
{Heap before GC invocations=0 (full 0):
 garbage-first heap   total 253952K, used 27648K [0x0000000080000000, 0x0000000100000000)
  region size 1024K, 23 young (23552K), 0 survivors (0K)
 Metaspace       used 3091K, committed 3200K, reserved 491520K
  class space    used 391K, committed 448K, reserved 425984K
}
Event: 0.609 GC heap after
{Heap after GC invocations=1 (full 0):
 garbage-first heap   total 253952K, used 10581K [0x0000000080000000, 0x0000000100000000)
  region size 1024K, 3 young (3072K), 3 survivors (3072K)
 Metaspace       used 3091K, committed 3200K, reserved 491520K
  class space    used 391K, committed 448K, reserved 425984K
}
Event: 1.141 GC heap before
{Heap before GC invocations=1 (full 0):
 garbage-first heap   total 253952K, used 38229K [0x0000000080000000, 0x0000000100000000)
  region size 1024K, 30 young (30720K), 3 survivors (3072K)
 Metaspace       used 4076K, committed 4224K, reserved 491520K
  class space    used 491K, committed 576K, reserved 425984K
}
Event: 1.144 GC heap after
{Heap after GC invocations=2 (full 0):
 garbage-first heap   total 253952K, used 12577K [0x0000000080000000, 0x0000000100000000)
  region size 1024K, 2 young (2048K), 2 survivors (2048K)
 Metaspace       used 4076K, committed 4224K, reserved 491520K
  class space    used 491K, committed 576K, reserved 425984K
}
Event: 5.517 GC heap before
{Heap before GC invocations=2 (full 0):
 garbage-first heap   total 253952K, used 127265K [0x0000000080000000, 0x0000000100000000)
  region size 1024K, 114 young (116736K), 2 survivors (2048K)
 Metaspace       used 21273K, committed 21504K, reserved 491520K
  class space    used 3128K, committed 3264K, reserved 425984K
}
Event: 5.546 GC heap after
{Heap after GC invocations=3 (full 0):
 garbage-first heap   total 253952K, used 22501K [0x0000000080000000, 0x0000000100000000)
  region size 1024K, 12 young (12288K), 12 survivors (12288K)
 Metaspace       used 21273K, committed 21504K, reserved 491520K
  class space    used 3128K, committed 3264K, reserved 425984K
}
Event: 6.981 GC heap before
{Heap before GC invocations=4 (full 0):
 garbage-first heap   total 86016K, used 61413K [0x0000000080000000, 0x0000000100000000)
  region size 1024K, 50 young (51200K), 12 survivors (12288K)
 Metaspace       used 26337K, committed 26624K, reserved 491520K
  class space    used 3920K, committed 4032K, reserved 425984K
}
Event: 6.991 GC heap after
{Heap after GC invocations=5 (full 0):
 garbage-first heap   total 86016K, used 25158K [0x0000000080000000, 0x0000000100000000)
  region size 1024K, 3 young (3072K), 3 survivors (3072K)
 Metaspace       used 26337K, committed 26624K, reserved 491520K
  class space    used 3920K, committed 4032K, reserved 425984K
}
Event: 8.002 GC heap before
{Heap before GC invocations=5 (full 0):
 garbage-first heap   total 86016K, used 60998K [0x0000000080000000, 0x0000000100000000)
  region size 1024K, 39 young (39936K), 3 survivors (3072K)
 Metaspace       used 31728K, committed 32128K, reserved 491520K
  class space    used 4470K, committed 4672K, reserved 425984K
}
Event: 8.007 GC heap after
{Heap after GC invocations=6 (full 0):
 garbage-first heap   total 86016K, used 29739K [0x0000000080000000, 0x0000000100000000)
  region size 1024K, 5 young (5120K), 5 survivors (5120K)
 Metaspace       used 31728K, committed 32128K, reserved 491520K
  class space    used 4470K, committed 4672K, reserved 425984K
}
Event: 8.971 GC heap before
{Heap before GC invocations=6 (full 0):
 garbage-first heap   total 86016K, used 66603K [0x0000000080000000, 0x0000000100000000)
  region size 1024K, 37 young (37888K), 5 survivors (5120K)
 Metaspace       used 34086K, committed 34432K, reserved 491520K
  class space    used 4710K, committed 4864K, reserved 425984K
}
Event: 8.977 GC heap after
{Heap after GC invocations=7 (full 0):
 garbage-first heap   total 86016K, used 33526K [0x0000000080000000, 0x0000000100000000)
  region size 1024K, 4 young (4096K), 4 survivors (4096K)
 Metaspace       used 34086K, committed 34432K, reserved 491520K
  class space    used 4710K, committed 4864K, reserved 425984K
}

