# JRE version: OpenJDK Runtime Environment Temurin-17.0.10+7 (17.0.10+7) (build 17.0.10+7)
# Java VM: OpenJDK 64-Bit Server VM Temurin-17.0.10+7 (17.0.10+7, mixed mode, tiered, compressed oops, compressed class ptrs, parallel gc, windows-amd64)
GC Precious Log:
 CPUs: 16 total, 16 available
 Memory: 15790M
 Large Page Support: Disabled
 NUMA Support: Disabled
 Compressed Oops: Enabled (32-bit)
 Alignments: Space 512K, Generation 512K, Heap 2M
 Heap Min Capacity: 100M
 Heap Initial Capacity: 100M
 Heap Max Capacity: 1G
 Pre-touch: Disabled
 Parallel Workers: 13
Heap:
 PSYoungGen      total 23552K, used 5623K [0x00000000eab00000, 0x00000000ec600000, 0x0000000100000000)
  eden space 22016K, 19% used [0x00000000eab00000,0x00000000eaf47760,0x00000000ec080000)
  from space 1536K, 80% used [0x00000000ec300000,0x00000000ec436548,0x00000000ec480000)
  to   space 1536K, 0% used [0x00000000ec480000,0x00000000ec480000,0x00000000ec600000)
 ParOldGen       total 68608K, used 17098K [0x00000000c0000000, 0x00000000c4300000, 0x00000000eab00000)
  object space 68608K, 24% used [0x00000000c0000000,0x00000000c10b2838,0x00000000c4300000)
 Metaspace       used 41173K, committed 41984K, reserved 1114112K
  class space    used 4143K, committed 4480K, reserved 1048576K
GC Heap History (20 events):
Event: 2.159 GC heap before
{Heap before GC invocations=6 (full 1):
 PSYoungGen      total 29696K, used 4084K [0x00000000eab00000, 0x00000000ece00000, 0x0000000100000000)
  eden space 25600K, 0% used [0x00000000eab00000,0x00000000eab00000,0x00000000ec400000)
  from space 4096K, 99% used [0x00000000ec400000,0x00000000ec7fd1e8,0x00000000ec800000)
  to   space 5120K, 0% used [0x00000000ec900000,0x00000000ec900000,0x00000000ece00000)
 ParOldGen       total 68608K, used 6665K [0x00000000c0000000, 0x00000000c4300000, 0x00000000eab00000)
  object space 68608K, 9% used [0x00000000c0000000,0x00000000c0682440,0x00000000c4300000)
 Metaspace       used 21088K, committed 21504K, reserved 1114112K
  class space    used 2108K, committed 2304K, reserved 1048576K
}
Event: 2.183 GC heap after
{Heap after GC invocations=6 (full 1):
 PSYoungGen      total 29696K, used 0K [0x00000000eab00000, 0x00000000ece00000, 0x0000000100000000)
  eden space 25600K, 0% used [0x00000000eab00000,0x00000000eab00000,0x00000000ec400000)
  from space 4096K, 0% used [0x00000000ec400000,0x00000000ec400000,0x00000000ec800000)
  to   space 5120K, 0% used [0x00000000ec900000,0x00000000ec900000,0x00000000ece00000)
 ParOldGen       total 68608K, used 10383K [0x00000000c0000000, 0x00000000c4300000, 0x00000000eab00000)
  object space 68608K, 15% used [0x00000000c0000000,0x00000000c0a23c58,0x00000000c4300000)
 Metaspace       used 21088K, committed 21504K, reserved 1114112K
  class space    used 2108K, committed 2304K, reserved 1048576K
}
Event: 2.652 GC heap before
{Heap before GC invocations=7 (full 1):
 PSYoungGen      total 29696K, used 25600K [0x00000000eab00000, 0x00000000ece00000, 0x0000000100000000)
  eden space 25600K, 100% used [0x00000000eab00000,0x00000000ec400000,0x00000000ec400000)
  from space 4096K, 0% used [0x00000000ec400000,0x00000000ec400000,0x00000000ec800000)
  to   space 5120K, 0% used [0x00000000ec900000,0x00000000ec900000,0x00000000ece00000)
 ParOldGen       total 68608K, used 10383K [0x00000000c0000000, 0x00000000c4300000, 0x00000000eab00000)
  object space 68608K, 15% used [0x00000000c0000000,0x00000000c0a23c58,0x00000000c4300000)
 Metaspace       used 23973K, committed 24512K, reserved 1114112K
  class space    used 2406K, committed 2624K, reserved 1048576K
}
Event: 2.656 GC heap after
{Heap after GC invocations=7 (full 1):
 PSYoungGen      total 27136K, used 1952K [0x00000000eab00000, 0x00000000ecb00000, 0x0000000100000000)
  eden space 25088K, 0% used [0x00000000eab00000,0x00000000eab00000,0x00000000ec380000)
  from space 2048K, 95% used [0x00000000ec900000,0x00000000ecae8000,0x00000000ecb00000)
  to   space 3072K, 0% used [0x00000000ec500000,0x00000000ec500000,0x00000000ec800000)
 ParOldGen       total 68608K, used 10391K [0x00000000c0000000, 0x00000000c4300000, 0x00000000eab00000)
  object space 68608K, 15% used [0x00000000c0000000,0x00000000c0a25c58,0x00000000c4300000)
 Metaspace       used 23973K, committed 24512K, reserved 1114112K
  class space    used 2406K, committed 2624K, reserved 1048576K
}
Event: 2.994 GC heap before
{Heap before GC invocations=8 (full 1):
 PSYoungGen      total 27136K, used 27040K [0x00000000eab00000, 0x00000000ecb00000, 0x0000000100000000)
  eden space 25088K, 100% used [0x00000000eab00000,0x00000000ec380000,0x00000000ec380000)
  from space 2048K, 95% used [0x00000000ec900000,0x00000000ecae8000,0x00000000ecb00000)
  to   space 3072K, 0% used [0x00000000ec500000,0x00000000ec500000,0x00000000ec800000)
 ParOldGen       total 68608K, used 10391K [0x00000000c0000000, 0x00000000c4300000, 0x00000000eab00000)
  object space 68608K, 15% used [0x00000000c0000000,0x00000000c0a25c58,0x00000000c4300000)
 Metaspace       used 26674K, committed 27328K, reserved 1114112K
  class space    used 2715K, committed 2944K, reserved 1048576K
}
Event: 2.996 GC heap after
{Heap after GC invocations=8 (full 1):
 PSYoungGen      total 27648K, used 3042K [0x00000000eab00000, 0x00000000ecb00000, 0x0000000100000000)
  eden space 24576K, 0% used [0x00000000eab00000,0x00000000eab00000,0x00000000ec300000)
  from space 3072K, 99% used [0x00000000ec500000,0x00000000ec7f89e0,0x00000000ec800000)
  to   space 3072K, 0% used [0x00000000ec800000,0x00000000ec800000,0x00000000ecb00000)
 ParOldGen       total 68608K, used 10927K [0x00000000c0000000, 0x00000000c4300000, 0x00000000eab00000)
  object space 68608K, 15% used [0x00000000c0000000,0x00000000c0aabc58,0x00000000c4300000)
 Metaspace       used 26674K, committed 27328K, reserved 1114112K
  class space    used 2715K, committed 2944K, reserved 1048576K
}
Event: 3.125 GC heap before
{Heap before GC invocations=9 (full 1):
 PSYoungGen      total 27648K, used 27618K [0x00000000eab00000, 0x00000000ecb00000, 0x0000000100000000)
  eden space 24576K, 100% used [0x00000000eab00000,0x00000000ec300000,0x00000000ec300000)
  from space 3072K, 99% used [0x00000000ec500000,0x00000000ec7f89e0,0x00000000ec800000)
  to   space 3072K, 0% used [0x00000000ec800000,0x00000000ec800000,0x00000000ecb00000)
 ParOldGen       total 68608K, used 10927K [0x00000000c0000000, 0x00000000c4300000, 0x00000000eab00000)
  object space 68608K, 15% used [0x00000000c0000000,0x00000000c0aabc58,0x00000000c4300000)
 Metaspace       used 29004K, committed 29632K, reserved 1114112K
  class space    used 2882K, committed 3136K, reserved 1048576K
}
Event: 3.126 GC heap after
{Heap after GC invocations=9 (full 1):
 PSYoungGen      total 27136K, used 3064K [0x00000000eab00000, 0x00000000ecb00000, 0x0000000100000000)
  eden space 24064K, 0% used [0x00000000eab00000,0x00000000eab00000,0x00000000ec280000)
  from space 3072K, 99% used [0x00000000ec800000,0x00000000ecafe230,0x00000000ecb00000)
  to   space 4096K, 0% used [0x00000000ec300000,0x00000000ec300000,0x00000000ec700000)
 ParOldGen       total 68608K, used 11503K [0x00000000c0000000, 0x00000000c4300000, 0x00000000eab00000)
  object space 68608K, 16% used [0x00000000c0000000,0x00000000c0b3bc58,0x00000000c4300000)
 Metaspace       used 29004K, committed 29632K, reserved 1114112K
  class space    used 2882K, committed 3136K, reserved 1048576K
}
Event: 3.275 GC heap before
{Heap before GC invocations=10 (full 1):
 PSYoungGen      total 27136K, used 27128K [0x00000000eab00000, 0x00000000ecb00000, 0x0000000100000000)
  eden space 24064K, 100% used [0x00000000eab00000,0x00000000ec280000,0x00000000ec280000)
  from space 3072K, 99% used [0x00000000ec800000,0x00000000ecafe230,0x00000000ecb00000)
  to   space 4096K, 0% used [0x00000000ec300000,0x00000000ec300000,0x00000000ec700000)
 ParOldGen       total 68608K, used 11503K [0x00000000c0000000, 0x00000000c4300000, 0x00000000eab00000)
  object space 68608K, 16% used [0x00000000c0000000,0x00000000c0b3bc58,0x00000000c4300000)
 Metaspace       used 32408K, committed 33024K, reserved 1114112K
  class space    used 3133K, committed 3392K, reserved 1048576K
}
Event: 3.277 GC heap after
{Heap after GC invocations=10 (full 1):
 PSYoungGen      total 27136K, used 3377K [0x00000000eab00000, 0x00000000ec900000, 0x0000000100000000)
  eden space 23552K, 0% used [0x00000000eab00000,0x00000000eab00000,0x00000000ec200000)
  from space 3584K, 94% used [0x00000000ec300000,0x00000000ec64c448,0x00000000ec680000)
  to   space 2560K, 0% used [0x00000000ec680000,0x00000000ec680000,0x00000000ec900000)
 ParOldGen       total 68608K, used 13273K [0x00000000c0000000, 0x00000000c4300000, 0x00000000eab00000)
  object space 68608K, 19% used [0x00000000c0000000,0x00000000c0cf65a0,0x00000000c4300000)
 Metaspace       used 32408K, committed 33024K, reserved 1114112K
  class space    used 3133K, committed 3392K, reserved 1048576K
}
Event: 3.540 GC heap before
{Heap before GC invocations=11 (full 1):
 PSYoungGen      total 27136K, used 26929K [0x00000000eab00000, 0x00000000ec900000, 0x0000000100000000)
  eden space 23552K, 100% used [0x00000000eab00000,0x00000000ec200000,0x00000000ec200000)
  from space 3584K, 94% used [0x00000000ec300000,0x00000000ec64c448,0x00000000ec680000)
  to   space 2560K, 0% used [0x00000000ec680000,0x00000000ec680000,0x00000000ec900000)
 ParOldGen       total 68608K, used 13273K [0x00000000c0000000, 0x00000000c4300000, 0x00000000eab00000)
  object space 68608K, 19% used [0x00000000c0000000,0x00000000c0cf65a0,0x00000000c4300000)
 Metaspace       used 34348K, committed 35136K, reserved 1114112K
  class space    used 3313K, committed 3648K, reserved 1048576K
}
Event: 3.542 GC heap after
{Heap after GC invocations=11 (full 1):
 PSYoungGen      total 25088K, used 2040K [0x00000000eab00000, 0x00000000ec880000, 0x0000000100000000)
  eden space 23040K, 0% used [0x00000000eab00000,0x00000000eab00000,0x00000000ec180000)
  from space 2048K, 99% used [0x00000000ec680000,0x00000000ec87e388,0x00000000ec880000)
  to   space 2560K, 0% used [0x00000000ec380000,0x00000000ec380000,0x00000000ec600000)
 ParOldGen       total 68608K, used 15451K [0x00000000c0000000, 0x00000000c4300000, 0x00000000eab00000)
  object space 68608K, 22% used [0x00000000c0000000,0x00000000c0f16cd8,0x00000000c4300000)
 Metaspace       used 34348K, committed 35136K, reserved 1114112K
  class space    used 3313K, committed 3648K, reserved 1048576K
}
Event: 3.613 GC heap before
{Heap before GC invocations=12 (full 1):
 PSYoungGen      total 25088K, used 6003K [0x00000000eab00000, 0x00000000ec880000, 0x0000000100000000)
  eden space 23040K, 17% used [0x00000000eab00000,0x00000000eaedeb48,0x00000000ec180000)
  from space 2048K, 99% used [0x00000000ec680000,0x00000000ec87e388,0x00000000ec880000)
  to   space 2560K, 0% used [0x00000000ec380000,0x00000000ec380000,0x00000000ec600000)
 ParOldGen       total 68608K, used 15451K [0x00000000c0000000, 0x00000000c4300000, 0x00000000eab00000)
  object space 68608K, 22% used [0x00000000c0000000,0x00000000c0f16cd8,0x00000000c4300000)
 Metaspace       used 35100K, committed 35840K, reserved 1114112K
  class space    used 3407K, committed 3712K, reserved 1048576K
}
Event: 3.615 GC heap after
{Heap after GC invocations=12 (full 1):
 PSYoungGen      total 23552K, used 416K [0x00000000eab00000, 0x00000000ec700000, 0x0000000100000000)
  eden space 23040K, 0% used [0x00000000eab00000,0x00000000eab00000,0x00000000ec180000)
  from space 512K, 81% used [0x00000000ec380000,0x00000000ec3e8000,0x00000000ec400000)
  to   space 1536K, 0% used [0x00000000ec580000,0x00000000ec580000,0x00000000ec700000)
 ParOldGen       total 68608K, used 17347K [0x00000000c0000000, 0x00000000c4300000, 0x00000000eab00000)
  object space 68608K, 25% used [0x00000000c0000000,0x00000000c10f0f88,0x00000000c4300000)
 Metaspace       used 35100K, committed 35840K, reserved 1114112K
  class space    used 3407K, committed 3712K, reserved 1048576K
}
Event: 3.615 GC heap before
{Heap before GC invocations=13 (full 2):
 PSYoungGen      total 23552K, used 416K [0x00000000eab00000, 0x00000000ec700000, 0x0000000100000000)
  eden space 23040K, 0% used [0x00000000eab00000,0x00000000eab00000,0x00000000ec180000)
  from space 512K, 81% used [0x00000000ec380000,0x00000000ec3e8000,0x00000000ec400000)
  to   space 1536K, 0% used [0x00000000ec580000,0x00000000ec580000,0x00000000ec700000)
 ParOldGen       total 68608K, used 17347K [0x00000000c0000000, 0x00000000c4300000, 0x00000000eab00000)
  object space 68608K, 25% used [0x00000000c0000000,0x00000000c10f0f88,0x00000000c4300000)
 Metaspace       used 35100K, committed 35840K, reserved 1114112K
  class space    used 3407K, committed 3712K, reserved 1048576K
}
Event: 3.641 GC heap after
{Heap after GC invocations=13 (full 2):
 PSYoungGen      total 23552K, used 0K [0x00000000eab00000, 0x00000000ec700000, 0x0000000100000000)
  eden space 23040K, 0% used [0x00000000eab00000,0x00000000eab00000,0x00000000ec180000)
  from space 512K, 0% used [0x00000000ec380000,0x00000000ec380000,0x00000000ec400000)
  to   space 1536K, 0% used [0x00000000ec580000,0x00000000ec580000,0x00000000ec700000)
 ParOldGen       total 68608K, used 15826K [0x00000000c0000000, 0x00000000c4300000, 0x00000000eab00000)
  object space 68608K, 23% used [0x00000000c0000000,0x00000000c0f74918,0x00000000c4300000)
 Metaspace       used 35087K, committed 35840K, reserved 1114112K
  class space    used 3404K, committed 3712K, reserved 1048576K
}
Event: 3.994 GC heap before
{Heap before GC invocations=14 (full 2):
 PSYoungGen      total 23552K, used 23039K [0x00000000eab00000, 0x00000000ec700000, 0x0000000100000000)
  eden space 23040K, 99% used [0x00000000eab00000,0x00000000ec17ffc8,0x00000000ec180000)
  from space 512K, 0% used [0x00000000ec380000,0x00000000ec380000,0x00000000ec400000)
  to   space 1536K, 0% used [0x00000000ec580000,0x00000000ec580000,0x00000000ec700000)
 ParOldGen       total 68608K, used 15826K [0x00000000c0000000, 0x00000000c4300000, 0x00000000eab00000)
  object space 68608K, 23% used [0x00000000c0000000,0x00000000c0f74918,0x00000000c4300000)
 Metaspace       used 38005K, committed 38912K, reserved 1114112K
  class space    used 3763K, committed 4096K, reserved 1048576K
}
Event: 3.995 GC heap after
{Heap after GC invocations=14 (full 2):
 PSYoungGen      total 24064K, used 1477K [0x00000000eab00000, 0x00000000ec700000, 0x0000000100000000)
  eden space 22528K, 0% used [0x00000000eab00000,0x00000000eab00000,0x00000000ec100000)
  from space 1536K, 96% used [0x00000000ec580000,0x00000000ec6f1620,0x00000000ec700000)
  to   space 2048K, 0% used [0x00000000ec300000,0x00000000ec300000,0x00000000ec500000)
 ParOldGen       total 68608K, used 15834K [0x00000000c0000000, 0x00000000c4300000, 0x00000000eab00000)
  object space 68608K, 23% used [0x00000000c0000000,0x00000000c0f76918,0x00000000c4300000)
 Metaspace       used 38005K, committed 38912K, reserved 1114112K
  class space    used 3763K, committed 4096K, reserved 1048576K
}
Event: 4.263 GC heap before
{Heap before GC invocations=15 (full 2):
 PSYoungGen      total 24064K, used 24002K [0x00000000eab00000, 0x00000000ec700000, 0x0000000100000000)
  eden space 22528K, 99% used [0x00000000eab00000,0x00000000ec0ff3c0,0x00000000ec100000)
  from space 1536K, 96% used [0x00000000ec580000,0x00000000ec6f1620,0x00000000ec700000)
  to   space 2048K, 0% used [0x00000000ec300000,0x00000000ec300000,0x00000000ec500000)
 ParOldGen       total 68608K, used 15834K [0x00000000c0000000, 0x00000000c4300000, 0x00000000eab00000)
  object space 68608K, 23% used [0x00000000c0000000,0x00000000c0f76918,0x00000000c4300000)
 Metaspace       used 40886K, committed 41856K, reserved 1114112K
  class space    used 4113K, committed 4480K, reserved 1048576K
}
Event: 4.266 GC heap after
{Heap after GC invocations=15 (full 2):
 PSYoungGen      total 23552K, used 1241K [0x00000000eab00000, 0x00000000ec600000, 0x0000000100000000)
  eden space 22016K, 0% used [0x00000000eab00000,0x00000000eab00000,0x00000000ec080000)
  from space 1536K, 80% used [0x00000000ec300000,0x00000000ec436548,0x00000000ec480000)
  to   space 1536K, 0% used [0x00000000ec480000,0x00000000ec480000,0x00000000ec600000)
 ParOldGen       total 68608K, used 17098K [0x00000000c0000000, 0x00000000c4300000, 0x00000000eab00000)
  object space 68608K, 24% used [0x00000000c0000000,0x00000000c10b2838,0x00000000c4300000)
 Metaspace       used 40886K, committed 41856K, reserved 1114112K
  class space    used 4113K, committed 4480K, reserved 1048576K
}

